[06:55:37.24] /m Information: Started sharing "Primewave" license. (WAVEFORM-110)
[06:55:48.93] /o pw_shell Version PrimeWave Design Envrionment S-2021.09
              /c Build  (OPT) compiled on Fri Aug 20 11:32:52 2021 for CentOS64 7.3
              /c Execution time: Thu Apr 21 06:55:32 2022
              /c Host: grendel28.ece.ncsu.edu
              /c 
              /c Copyright © 2004-2021 Synopsys, Inc.
              /c This software and the associated documentation are proprietary to Synopsys, Inc. This software may only be used in accordance with the terms and conditions of a written license agreement with Synopsys, Inc. All other use, reproduction, or distribution of this software is strictly prohibited.
              /c 
              /c 
[06:55:49.08] /o /mnt/apps/public/COE/synopsys_apps/primewave/S-2021.09/auxx/samples/basic
[06:55:49.09] /o /mnt/apps/public/COE/synopsys_apps/primewave/S-2021.09/auxx/samples/snpsDeviceLib
[06:55:49.09] /o /mnt/apps/public/COE/synopsys_apps/primewave/S-2021.09/auxx/samples/analogLib
[06:55:49.10] /o /mnt/apps/public/COE/synopsys_apps/primewave/S-2021.09/auxx/samples/sheets
[06:55:49.10] /o /mnt/apps/public/COE/synopsys_apps/primewave/S-2021.09/auxx/samples/parasitics
[06:55:49.48] /o /afs/eos.ncsu.edu/lockers/research/ece/wdavis/tech/FreePDK3/syncust/NCSU_TechLib_FreePDK3
[06:55:49.48] /o Loading: Callback files...
[06:55:49.48] /o Loading: scripts/callbacks/callbacks.tcl
[06:55:49.48] /o 
              /c [INFO] : Loading display.drf from /afs/eos.ncsu.edu/lockers/research/ece/wdavis/tech/FreePDK3/syncust/NCSU_TechLib_FreePDK3
              /c 
              /c  if you wish to Load other display.drf, please set shell environment valiable "iPDK_load_display_NCSU_TechLib_FreePDK3" to value = 0
[06:55:49.48] /o 
[06:55:49.49] /w Warning: Could not set the value of preference xtDRCTool because it does not exist. (PREFERENCE-016)
[06:55:49.49] /w Warning: Could not set the value of preference xtDRCICVRunsetFile because it does not exist. (PREFERENCE-016)
[06:55:49.49] /w Warning: Could not set the value of preference xtDRCICVIncludePaths because it does not exist. (PREFERENCE-016)
[06:55:49.49] /w Warning: Could not set the value of preference xtDRCLayDBFormat because it does not exist. (PREFERENCE-016)
[06:55:49.49] /w Warning: Could not set the value of preference xtLVSTool because it does not exist. (PREFERENCE-016)
[06:55:49.49] /w Warning: Could not set the value of preference xtLVSICVRunsetFile because it does not exist. (PREFERENCE-016)
[06:55:49.49] /w Warning: Could not set the value of preference xtLVSICVIncludePaths because it does not exist. (PREFERENCE-016)
[06:55:49.49] /w Warning: Could not set the value of preference xtLVSLayDBFormat because it does not exist. (PREFERENCE-016)
[06:55:49.49] /w Warning: Could not set the value of preference xtLPELVSTool because it does not exist. (PREFERENCE-016)
[06:55:49.49] /w Warning: Could not set the value of preference xtLPETool because it does not exist. (PREFERENCE-016)
[06:55:49.49] /w Warning: Could not set the value of preference xtLPEOpenParasiticView because it does not exist. (PREFERENCE-016)
[06:55:49.49] /w Warning: Could not set the value of preference xtStarTcadGrdFile because it does not exist. (PREFERENCE-016)
[06:55:49.49] /w Warning: Could not set the value of preference xtLPEStarOADeviceMappingFile because it does not exist. (PREFERENCE-016)
[06:55:49.49] /w Warning: Could not set the value of preference xtStarOALayerMappingFile because it does not exist. (PREFERENCE-016)
[06:55:49.49] /o 	#######################################
[06:55:49.49] /o 	CC-PDK Library Name	: FreePDK3
[06:55:49.49] /o 	#######################################
[06:55:49.49] /o 
[06:55:49.54] /i ::sa::_backgroundSaeShell::signalProcessReady 1650538527
[06:55:49.55] /o saeInterBGSaeShell:  ::sa::_backgroundSaeShell::processReady 22
[06:56:51.16] /i ::sa::_backgroundSaeShell::runScript /afs/unity.ncsu.edu/users/s/ssjoseph/ECE546/PROJECT/ece546project/simulation/mylib,top_level_tb,schematic/history_1/simulation/top_level_tb/HSPICE/nominal/.bg_measurement_script.tcl sa::_resultsDatabase::saeShellProcessingCompletedProc testSuiteName saeSession6 testbenchName top_level_tb resultsDir /afs/unity.ncsu.edu/users/s/ssjoseph/ECE546/PROJECT/ece546project/simulation/mylib,top_level_tb,schematic/history_1/simulation/top_level_tb/HSPICE/nominal/results testSuiteDir /afs/unity.ncsu.edu/users/s/ssjoseph/ECE546/PROJECT/ece546project/simulation/mylib,top_level_tb,schematic/history_1/simulation/top_level_tb/HSPICE/nominal databaseName /afs/unity.ncsu.edu/users/s/ssjoseph/ECE546/PROJECT/ece546project/simulation/mylib,top_level_tb,schematic/history_1/simulation/top_level_tb/HSPICE/nominal/resultsDatabase remoteRun {} testbenchId 1 saveImages true
[06:56:51.60] /m Information: Loading preferences from /afs/unity.ncsu.edu/users/s/ssjoseph/ECE546/PROJECT/ece546project/simulation/mylib,top_level_tb,schematic/history_1/simulation/top_level_tb/HSPICE/nominal/pw_shell_session_prefs.xml
[06:56:51.90] /m Information: Start incremental database creation...
[06:56:52.09] /m Information: Create Iter role param id map
[06:56:52.23] /o saeInterBGSaeShell:  ::sa::_backgroundSaeShell::scriptFinished 1.0 {} sa::_resultsDatabase::saeShellProcessingCompletedProc testSuiteName saeSession6 testbenchName top_level_tb resultsDir /afs/unity.ncsu.edu/users/s/ssjoseph/ECE546/PROJECT/ece546project/simulation/mylib,top_level_tb,schematic/history_1/simulation/top_level_tb/HSPICE/nominal/results testSuiteDir /afs/unity.ncsu.edu/users/s/ssjoseph/ECE546/PROJECT/ece546project/simulation/mylib,top_level_tb,schematic/history_1/simulation/top_level_tb/HSPICE/nominal databaseName /afs/unity.ncsu.edu/users/s/ssjoseph/ECE546/PROJECT/ece546project/simulation/mylib,top_level_tb,schematic/history_1/simulation/top_level_tb/HSPICE/nominal/resultsDatabase remoteRun {} testbenchId 1 saveImages true
[06:56:52.23] /o false
[06:56:52.23] /i ::wf::viewerExited
[06:57:00.29] /i ::wf::viewerExited
[06:58:18.27] /i ::sa::_backgroundSaeShell::exit
[06:58:18.27] /o saeInterBGSaeShell:  ::sa::_backgroundSaeShell::childFormallyExiting
[06:58:19.01] /m Information: License 'Apex' checked in. (LICENSE-004)
