[16:39:04.05] /m Information: Started sharing "Primewave" license. (WAVEFORM-110)
[16:39:15.02] /o pw_shell Version PrimeWave Design Envrionment S-2021.09
              /c Build  (OPT) compiled on Fri Aug 20 11:32:52 2021 for CentOS64 7.3
              /c Execution time: Thu Apr 21 16:38:59 2022
              /c Host: grendel28.ece.ncsu.edu
              /c 
              /c Copyright © 2004-2021 Synopsys, Inc.
              /c This software and the associated documentation are proprietary to Synopsys, Inc. This software may only be used in accordance with the terms and conditions of a written license agreement with Synopsys, Inc. All other use, reproduction, or distribution of this software is strictly prohibited.
              /c 
              /c 
[16:39:15.18] /o /mnt/apps/public/COE/synopsys_apps/primewave/S-2021.09/auxx/samples/basic
[16:39:15.18] /o /mnt/apps/public/COE/synopsys_apps/primewave/S-2021.09/auxx/samples/snpsDeviceLib
[16:39:15.18] /o /mnt/apps/public/COE/synopsys_apps/primewave/S-2021.09/auxx/samples/analogLib
[16:39:15.19] /o /mnt/apps/public/COE/synopsys_apps/primewave/S-2021.09/auxx/samples/sheets
[16:39:15.19] /o /mnt/apps/public/COE/synopsys_apps/primewave/S-2021.09/auxx/samples/parasitics
[16:39:15.57] /o /afs/eos.ncsu.edu/lockers/research/ece/wdavis/tech/FreePDK3/syncust/NCSU_TechLib_FreePDK3
[16:39:15.57] /o Loading: Callback files...
[16:39:15.58] /o Loading: scripts/callbacks/callbacks.tcl
[16:39:15.58] /o 
              /c [INFO] : Loading display.drf from /afs/eos.ncsu.edu/lockers/research/ece/wdavis/tech/FreePDK3/syncust/NCSU_TechLib_FreePDK3
              /c 
              /c  if you wish to Load other display.drf, please set shell environment valiable "iPDK_load_display_NCSU_TechLib_FreePDK3" to value = 0
[16:39:15.58] /o 
[16:39:15.59] /w Warning: Could not set the value of preference xtDRCTool because it does not exist. (PREFERENCE-016)
[16:39:15.59] /w Warning: Could not set the value of preference xtDRCICVRunsetFile because it does not exist. (PREFERENCE-016)
[16:39:15.59] /w Warning: Could not set the value of preference xtDRCICVIncludePaths because it does not exist. (PREFERENCE-016)
[16:39:15.59] /w Warning: Could not set the value of preference xtDRCLayDBFormat because it does not exist. (PREFERENCE-016)
[16:39:15.59] /w Warning: Could not set the value of preference xtLVSTool because it does not exist. (PREFERENCE-016)
[16:39:15.59] /w Warning: Could not set the value of preference xtLVSICVRunsetFile because it does not exist. (PREFERENCE-016)
[16:39:15.59] /w Warning: Could not set the value of preference xtLVSICVIncludePaths because it does not exist. (PREFERENCE-016)
[16:39:15.59] /w Warning: Could not set the value of preference xtLVSLayDBFormat because it does not exist. (PREFERENCE-016)
[16:39:15.59] /w Warning: Could not set the value of preference xtLPELVSTool because it does not exist. (PREFERENCE-016)
[16:39:15.59] /w Warning: Could not set the value of preference xtLPETool because it does not exist. (PREFERENCE-016)
[16:39:15.59] /w Warning: Could not set the value of preference xtLPEOpenParasiticView because it does not exist. (PREFERENCE-016)
[16:39:15.59] /w Warning: Could not set the value of preference xtStarTcadGrdFile because it does not exist. (PREFERENCE-016)
[16:39:15.59] /w Warning: Could not set the value of preference xtLPEStarOADeviceMappingFile because it does not exist. (PREFERENCE-016)
[16:39:15.59] /w Warning: Could not set the value of preference xtStarOALayerMappingFile because it does not exist. (PREFERENCE-016)
[16:39:15.59] /o 	#######################################
[16:39:15.59] /o 	CC-PDK Library Name	: FreePDK3
[16:39:15.59] /o 	#######################################
[16:39:15.59] /o 
[16:39:15.62] /i ::sa::_backgroundSaeShell::signalProcessReady 1650573538
[16:39:15.63] /o saeInterBGSaeShell:  ::sa::_backgroundSaeShell::processReady 17
[16:44:05.48] /m Information: Stopped sharing "Primewave" license. (WAVEFORM-111)
[16:44:16.63] /o saeInterBGSaeShell:  ::sa::_backgroundSaeShell::pingBack
[16:44:16.78] /i ::sa::_backgroundSaeShell::parentRunning
[16:44:16.78] /o 1650573856
[16:49:17.65] /o saeInterBGSaeShell:  ::sa::_backgroundSaeShell::pingBack
[16:49:17.78] /i ::sa::_backgroundSaeShell::parentRunning
[16:49:17.78] /o 1650574157
[16:54:18.67] /o saeInterBGSaeShell:  ::sa::_backgroundSaeShell::pingBack
[16:54:18.68] /i ::sa::_backgroundSaeShell::parentRunning
[16:54:18.68] /o 1650574458
[16:57:41.80] /i ::wf::viewerExited
[16:59:19.69] /o saeInterBGSaeShell:  ::sa::_backgroundSaeShell::pingBack
[16:59:19.88] /i ::sa::_backgroundSaeShell::parentRunning
[16:59:19.88] /o 1650574759
[17:00:59.07] /i ::sa::_backgroundSaeShell::exit
[17:00:59.07] /o saeInterBGSaeShell:  ::sa::_backgroundSaeShell::childFormallyExiting
[17:00:59.68] /m Information: License 'Apex' checked in. (LICENSE-004)
