[06:56:57.14] /m Information: Started sharing "Primewave" license. (WAVEFORM-110)
[06:57:07.97] /o pw_shell Version PrimeWave Design Envrionment S-2021.09
              /c Build  (OPT) compiled on Fri Aug 20 11:32:52 2021 for CentOS64 7.3
              /c Execution time: Thu Apr 21 06:56:52 2022
              /c Host: grendel28.ece.ncsu.edu
              /c 
              /c Copyright © 2004-2021 Synopsys, Inc.
              /c This software and the associated documentation are proprietary to Synopsys, Inc. This software may only be used in accordance with the terms and conditions of a written license agreement with Synopsys, Inc. All other use, reproduction, or distribution of this software is strictly prohibited.
              /c 
              /c 
[06:57:08.17] /o /mnt/apps/public/COE/synopsys_apps/primewave/S-2021.09/auxx/samples/basic
[06:57:08.18] /o /mnt/apps/public/COE/synopsys_apps/primewave/S-2021.09/auxx/samples/snpsDeviceLib
[06:57:08.18] /o /mnt/apps/public/COE/synopsys_apps/primewave/S-2021.09/auxx/samples/analogLib
[06:57:08.19] /o /mnt/apps/public/COE/synopsys_apps/primewave/S-2021.09/auxx/samples/sheets
[06:57:08.19] /o /mnt/apps/public/COE/synopsys_apps/primewave/S-2021.09/auxx/samples/parasitics
[06:57:08.57] /o /afs/eos.ncsu.edu/lockers/research/ece/wdavis/tech/FreePDK3/syncust/NCSU_TechLib_FreePDK3
[06:57:08.57] /o Loading: Callback files...
[06:57:08.58] /o Loading: scripts/callbacks/callbacks.tcl
[06:57:08.58] /o 
              /c [INFO] : Loading display.drf from /afs/eos.ncsu.edu/lockers/research/ece/wdavis/tech/FreePDK3/syncust/NCSU_TechLib_FreePDK3
              /c 
              /c  if you wish to Load other display.drf, please set shell environment valiable "iPDK_load_display_NCSU_TechLib_FreePDK3" to value = 0
[06:57:08.58] /o 
[06:57:08.59] /w Warning: Could not set the value of preference xtDRCTool because it does not exist. (PREFERENCE-016)
[06:57:08.59] /w Warning: Could not set the value of preference xtDRCICVRunsetFile because it does not exist. (PREFERENCE-016)
[06:57:08.59] /w Warning: Could not set the value of preference xtDRCICVIncludePaths because it does not exist. (PREFERENCE-016)
[06:57:08.59] /w Warning: Could not set the value of preference xtDRCLayDBFormat because it does not exist. (PREFERENCE-016)
[06:57:08.59] /w Warning: Could not set the value of preference xtLVSTool because it does not exist. (PREFERENCE-016)
[06:57:08.59] /w Warning: Could not set the value of preference xtLVSICVRunsetFile because it does not exist. (PREFERENCE-016)
[06:57:08.59] /w Warning: Could not set the value of preference xtLVSICVIncludePaths because it does not exist. (PREFERENCE-016)
[06:57:08.59] /w Warning: Could not set the value of preference xtLVSLayDBFormat because it does not exist. (PREFERENCE-016)
[06:57:08.59] /w Warning: Could not set the value of preference xtLPELVSTool because it does not exist. (PREFERENCE-016)
[06:57:08.59] /w Warning: Could not set the value of preference xtLPETool because it does not exist. (PREFERENCE-016)
[06:57:08.59] /w Warning: Could not set the value of preference xtLPEOpenParasiticView because it does not exist. (PREFERENCE-016)
[06:57:08.59] /w Warning: Could not set the value of preference xtStarTcadGrdFile because it does not exist. (PREFERENCE-016)
[06:57:08.59] /w Warning: Could not set the value of preference xtLPEStarOADeviceMappingFile because it does not exist. (PREFERENCE-016)
[06:57:08.59] /w Warning: Could not set the value of preference xtStarOALayerMappingFile because it does not exist. (PREFERENCE-016)
[06:57:08.59] /o 	#######################################
[06:57:08.59] /o 	CC-PDK Library Name	: FreePDK3
[06:57:08.59] /o 	#######################################
[06:57:08.59] /o 
[06:57:08.62] /i ::sa::_backgroundSaeShell::signalProcessReady 1650538611
[06:57:08.63] /o saeInterBGSaeShell:  ::sa::_backgroundSaeShell::processReady 17
[06:57:08.63] /i ::wf::viewerExited
[06:58:18.28] /i ::sa::_backgroundSaeShell::exit
[06:58:18.28] /o saeInterBGSaeShell:  ::sa::_backgroundSaeShell::childFormallyExiting
[06:58:18.87] /m Information: License 'Apex' checked in. (LICENSE-004)
