[11:33:21.53] /m Information: Started sharing "Primewave" license. (WAVEFORM-110)
[11:33:32.50] /o pw_shell Version PrimeWave Design Envrionment S-2021.09
              /c Build  (OPT) compiled on Fri Aug 20 11:32:52 2021 for CentOS64 7.3
              /c Execution time: Thu Apr 21 11:33:17 2022
              /c Host: grendel25.ece.ncsu.edu
              /c 
              /c Copyright © 2004-2021 Synopsys, Inc.
              /c This software and the associated documentation are proprietary to Synopsys, Inc. This software may only be used in accordance with the terms and conditions of a written license agreement with Synopsys, Inc. All other use, reproduction, or distribution of this software is strictly prohibited.
              /c 
              /c 
[11:33:32.67] /o /mnt/apps/public/COE/synopsys_apps/primewave/S-2021.09/auxx/samples/basic
[11:33:32.67] /o /mnt/apps/public/COE/synopsys_apps/primewave/S-2021.09/auxx/samples/snpsDeviceLib
[11:33:32.68] /o /mnt/apps/public/COE/synopsys_apps/primewave/S-2021.09/auxx/samples/analogLib
[11:33:32.68] /o /mnt/apps/public/COE/synopsys_apps/primewave/S-2021.09/auxx/samples/sheets
[11:33:32.69] /o /mnt/apps/public/COE/synopsys_apps/primewave/S-2021.09/auxx/samples/parasitics
[11:33:33.08] /o /afs/eos.ncsu.edu/lockers/research/ece/wdavis/tech/FreePDK3/syncust/NCSU_TechLib_FreePDK3
[11:33:33.08] /o Loading: Callback files...
[11:33:33.09] /o Loading: scripts/callbacks/callbacks.tcl
[11:33:33.09] /o 
              /c [INFO] : Loading display.drf from /afs/eos.ncsu.edu/lockers/research/ece/wdavis/tech/FreePDK3/syncust/NCSU_TechLib_FreePDK3
              /c 
              /c  if you wish to Load other display.drf, please set shell environment valiable "iPDK_load_display_NCSU_TechLib_FreePDK3" to value = 0
[11:33:33.09] /o 
[11:33:33.10] /w Warning: Could not set the value of preference xtDRCTool because it does not exist. (PREFERENCE-016)
[11:33:33.10] /w Warning: Could not set the value of preference xtDRCICVRunsetFile because it does not exist. (PREFERENCE-016)
[11:33:33.10] /w Warning: Could not set the value of preference xtDRCICVIncludePaths because it does not exist. (PREFERENCE-016)
[11:33:33.10] /w Warning: Could not set the value of preference xtDRCLayDBFormat because it does not exist. (PREFERENCE-016)
[11:33:33.10] /w Warning: Could not set the value of preference xtLVSTool because it does not exist. (PREFERENCE-016)
[11:33:33.10] /w Warning: Could not set the value of preference xtLVSICVRunsetFile because it does not exist. (PREFERENCE-016)
[11:33:33.10] /w Warning: Could not set the value of preference xtLVSICVIncludePaths because it does not exist. (PREFERENCE-016)
[11:33:33.10] /w Warning: Could not set the value of preference xtLVSLayDBFormat because it does not exist. (PREFERENCE-016)
[11:33:33.10] /w Warning: Could not set the value of preference xtLPELVSTool because it does not exist. (PREFERENCE-016)
[11:33:33.10] /w Warning: Could not set the value of preference xtLPETool because it does not exist. (PREFERENCE-016)
[11:33:33.10] /w Warning: Could not set the value of preference xtLPEOpenParasiticView because it does not exist. (PREFERENCE-016)
[11:33:33.10] /w Warning: Could not set the value of preference xtStarTcadGrdFile because it does not exist. (PREFERENCE-016)
[11:33:33.10] /w Warning: Could not set the value of preference xtLPEStarOADeviceMappingFile because it does not exist. (PREFERENCE-016)
[11:33:33.10] /w Warning: Could not set the value of preference xtStarOALayerMappingFile because it does not exist. (PREFERENCE-016)
[11:33:33.10] /o 	#######################################
[11:33:33.10] /o 	CC-PDK Library Name	: FreePDK3
[11:33:33.10] /o 	#######################################
[11:33:33.10] /o 
[11:33:33.14] /i ::sa::_backgroundSaeShell::signalProcessReady 1650555195
[11:33:33.14] /o saeInterBGSaeShell:  ::sa::_backgroundSaeShell::processReady 18
[11:38:23.46] /m Information: Stopped sharing "Primewave" license. (WAVEFORM-111)
[11:38:34.14] /o saeInterBGSaeShell:  ::sa::_backgroundSaeShell::pingBack
[11:38:34.26] /i ::sa::_backgroundSaeShell::parentRunning
[11:38:34.26] /o 1650555514
[11:40:43.07] /i ::wf::viewerExited
[11:43:35.16] /o saeInterBGSaeShell:  ::sa::_backgroundSaeShell::pingBack
[11:43:35.36] /i ::sa::_backgroundSaeShell::parentRunning
[11:43:35.36] /o 1650555815
[11:48:36.18] /o saeInterBGSaeShell:  ::sa::_backgroundSaeShell::pingBack
[11:48:36.36] /i ::sa::_backgroundSaeShell::parentRunning
[11:48:36.36] /o 1650556116
[11:53:37.20] /o saeInterBGSaeShell:  ::sa::_backgroundSaeShell::pingBack
[11:53:37.36] /i ::sa::_backgroundSaeShell::parentRunning
[11:53:37.36] /o 1650556417
[11:58:38.21] /o saeInterBGSaeShell:  ::sa::_backgroundSaeShell::pingBack
[11:58:38.36] /i ::sa::_backgroundSaeShell::parentRunning
[11:58:38.36] /o 1650556718
[12:00:42.46] /i ::sa::_backgroundSaeShell::exit
[12:00:42.46] /o saeInterBGSaeShell:  ::sa::_backgroundSaeShell::childFormallyExiting
[12:00:43.02] /m Information: License 'Apex' checked in. (LICENSE-004)
