[16:48:27.96] /m Information: Started sharing "Primewave" license. (WAVEFORM-110)
[16:48:38.98] /o pw_shell Version PrimeWave Design Envrionment S-2021.09
              /c Build  (OPT) compiled on Fri Aug 20 11:32:52 2021 for CentOS64 7.3
              /c Execution time: Thu Apr 21 16:48:23 2022
              /c Host: grendel28.ece.ncsu.edu
              /c 
              /c Copyright © 2004-2021 Synopsys, Inc.
              /c This software and the associated documentation are proprietary to Synopsys, Inc. This software may only be used in accordance with the terms and conditions of a written license agreement with Synopsys, Inc. All other use, reproduction, or distribution of this software is strictly prohibited.
              /c 
              /c 
[16:48:39.14] /o /mnt/apps/public/COE/synopsys_apps/primewave/S-2021.09/auxx/samples/basic
[16:48:39.15] /o /mnt/apps/public/COE/synopsys_apps/primewave/S-2021.09/auxx/samples/snpsDeviceLib
[16:48:39.15] /o /mnt/apps/public/COE/synopsys_apps/primewave/S-2021.09/auxx/samples/analogLib
[16:48:39.16] /o /mnt/apps/public/COE/synopsys_apps/primewave/S-2021.09/auxx/samples/sheets
[16:48:39.16] /o /mnt/apps/public/COE/synopsys_apps/primewave/S-2021.09/auxx/samples/parasitics
[16:48:39.53] /o /afs/eos.ncsu.edu/lockers/research/ece/wdavis/tech/FreePDK3/syncust/NCSU_TechLib_FreePDK3
[16:48:39.53] /o Loading: Callback files...
[16:48:39.54] /o Loading: scripts/callbacks/callbacks.tcl
[16:48:39.54] /o 
              /c [INFO] : Loading display.drf from /afs/eos.ncsu.edu/lockers/research/ece/wdavis/tech/FreePDK3/syncust/NCSU_TechLib_FreePDK3
              /c 
              /c  if you wish to Load other display.drf, please set shell environment valiable "iPDK_load_display_NCSU_TechLib_FreePDK3" to value = 0
[16:48:39.54] /o 
[16:48:39.55] /w Warning: Could not set the value of preference xtDRCTool because it does not exist. (PREFERENCE-016)
[16:48:39.55] /w Warning: Could not set the value of preference xtDRCICVRunsetFile because it does not exist. (PREFERENCE-016)
[16:48:39.55] /w Warning: Could not set the value of preference xtDRCICVIncludePaths because it does not exist. (PREFERENCE-016)
[16:48:39.55] /w Warning: Could not set the value of preference xtDRCLayDBFormat because it does not exist. (PREFERENCE-016)
[16:48:39.55] /w Warning: Could not set the value of preference xtLVSTool because it does not exist. (PREFERENCE-016)
[16:48:39.55] /w Warning: Could not set the value of preference xtLVSICVRunsetFile because it does not exist. (PREFERENCE-016)
[16:48:39.55] /w Warning: Could not set the value of preference xtLVSICVIncludePaths because it does not exist. (PREFERENCE-016)
[16:48:39.55] /w Warning: Could not set the value of preference xtLVSLayDBFormat because it does not exist. (PREFERENCE-016)
[16:48:39.55] /w Warning: Could not set the value of preference xtLPELVSTool because it does not exist. (PREFERENCE-016)
[16:48:39.55] /w Warning: Could not set the value of preference xtLPETool because it does not exist. (PREFERENCE-016)
[16:48:39.55] /w Warning: Could not set the value of preference xtLPEOpenParasiticView because it does not exist. (PREFERENCE-016)
[16:48:39.55] /w Warning: Could not set the value of preference xtStarTcadGrdFile because it does not exist. (PREFERENCE-016)
[16:48:39.55] /w Warning: Could not set the value of preference xtLPEStarOADeviceMappingFile because it does not exist. (PREFERENCE-016)
[16:48:39.55] /w Warning: Could not set the value of preference xtStarOALayerMappingFile because it does not exist. (PREFERENCE-016)
[16:48:39.55] /o 	#######################################
[16:48:39.55] /o 	CC-PDK Library Name	: FreePDK3
[16:48:39.55] /o 	#######################################
[16:48:39.55] /o 
[16:48:39.58] /i ::sa::_backgroundSaeShell::signalProcessReady 1650574102
[16:48:39.59] /o saeInterBGSaeShell:  ::sa::_backgroundSaeShell::processReady 17
[16:48:39.59] /i ::wf::viewerExited
[16:52:45.16] /i ::wf::viewerExited
[16:52:58.38] /i ::wf::viewerExited
[16:53:29.48] /m Information: Stopped sharing "Primewave" license. (WAVEFORM-111)
[16:53:40.59] /o saeInterBGSaeShell:  ::sa::_backgroundSaeShell::pingBack
[16:53:40.78] /i ::sa::_backgroundSaeShell::parentRunning
[16:53:40.78] /o 1650574420
[16:55:19.58] /i ::wf::viewerExited
[16:55:24.66] /i ::wf::viewerExited
[16:58:41.61] /o saeInterBGSaeShell:  ::sa::_backgroundSaeShell::pingBack
[16:58:41.78] /i ::sa::_backgroundSaeShell::parentRunning
[16:58:41.78] /o 1650574721
[17:03:42.63] /o saeInterBGSaeShell:  ::sa::_backgroundSaeShell::pingBack
[17:03:42.68] /i ::sa::_backgroundSaeShell::parentRunning
[17:03:42.68] /o 1650575022
[17:08:43.65] /o saeInterBGSaeShell:  ::sa::_backgroundSaeShell::pingBack
[17:08:43.78] /i ::sa::_backgroundSaeShell::parentRunning
[17:08:43.78] /o 1650575323
[17:13:44.65] /o saeInterBGSaeShell:  ::sa::_backgroundSaeShell::pingBack
[17:13:44.68] /i ::sa::_backgroundSaeShell::parentRunning
[17:13:44.68] /o 1650575624
[17:15:15.35] /i ::wf::viewerExited
[17:15:56.38] /i ::wf::viewerExited
[17:18:45.67] /o saeInterBGSaeShell:  ::sa::_backgroundSaeShell::pingBack
[17:18:45.68] /i ::sa::_backgroundSaeShell::parentRunning
[17:18:45.68] /o 1650575925
[17:18:47.58] /i ::wf::viewerExited
[17:18:50.59] /i ::wf::viewerExited
[17:23:46.69] /o saeInterBGSaeShell:  ::sa::_backgroundSaeShell::pingBack
[17:23:46.78] /i ::sa::_backgroundSaeShell::parentRunning
[17:23:46.78] /o 1650576226
[17:27:13.67] /i ::wf::viewerExited
[17:28:47.71] /o saeInterBGSaeShell:  ::sa::_backgroundSaeShell::pingBack
[17:28:47.88] /i ::sa::_backgroundSaeShell::parentRunning
[17:28:47.88] /o 1650576527
[17:33:48.73] /o saeInterBGSaeShell:  ::sa::_backgroundSaeShell::pingBack
[17:33:48.88] /i ::sa::_backgroundSaeShell::parentRunning
[17:33:48.88] /o 1650576828
[17:38:49.75] /o saeInterBGSaeShell:  ::sa::_backgroundSaeShell::pingBack
[17:38:49.88] /i ::sa::_backgroundSaeShell::parentRunning
[17:38:49.88] /o 1650577129
[17:40:37.92] /i ::wf::viewerExited
[17:43:50.77] /o saeInterBGSaeShell:  ::sa::_backgroundSaeShell::pingBack
[17:43:50.88] /i ::sa::_backgroundSaeShell::parentRunning
[17:43:50.88] /o 1650577430
[17:45:58.38] /i ::wf::viewerExited
[17:48:51.79] /o saeInterBGSaeShell:  ::sa::_backgroundSaeShell::pingBack
[17:48:51.98] /i ::sa::_backgroundSaeShell::parentRunning
[17:48:51.98] /o 1650577731
[17:53:28.38] /i ::wf::viewerExited
[17:53:52.81] /o saeInterBGSaeShell:  ::sa::_backgroundSaeShell::pingBack
[17:53:52.88] /i ::sa::_backgroundSaeShell::parentRunning
[17:53:52.88] /o 1650578032
[17:55:18.68] /i ::wf::viewerExited
[17:58:53.83] /o saeInterBGSaeShell:  ::sa::_backgroundSaeShell::pingBack
[17:58:53.88] /i ::sa::_backgroundSaeShell::parentRunning
[17:58:53.88] /o 1650578333
[17:59:20.38] /i ::wf::viewerExited
[18:01:52.68] /i ::wf::viewerExited
[18:02:06.19] /i ::wf::viewerExited
[18:03:54.85] /o saeInterBGSaeShell:  ::sa::_backgroundSaeShell::pingBack
[18:03:54.98] /i ::sa::_backgroundSaeShell::parentRunning
[18:03:54.98] /o 1650578634
[18:04:13.13] /i ::wf::viewerExited
[18:04:26.77] /i ::wf::viewerExited
[18:06:00.42] /i ::wf::viewerExited
[18:06:19.01] /i ::wf::viewerExited
[18:08:55.87] /o saeInterBGSaeShell:  ::sa::_backgroundSaeShell::pingBack
[18:08:55.98] /i ::sa::_backgroundSaeShell::parentRunning
[18:08:55.98] /o 1650578935
[18:10:25.68] /i ::sa::_backgroundSaeShell::exit
[18:10:25.68] /o saeInterBGSaeShell:  ::sa::_backgroundSaeShell::childFormallyExiting
[18:10:26.30] /m Information: License 'Apex' checked in. (LICENSE-004)
