[JudicatorDaemon] Daemon started with pid = 25920
bind to socket file /tmp/judisock_6e6rcD, socklen = 22.
started listen() on socket 18
  New connection to poll - 18
  New connection to poll - 19
  Listening socket is readable
  New connection to poll - 20
added new engine pid=26031,rank=1,slot=0
  Listening socket is readable
  New connection to poll - 21
Adding fd 21 (pid=26031,rank=1,slot=0) to connection catalog
Engine 1 (pid 26031) host memory = 80380MB.
  Listening socket is readable
  New connection to poll - 23
added new engine pid=26043,rank=0,slot=1
  Listening socket is readable
  New connection to poll - 24
Adding fd 24 (pid=26043,rank=0,slot=1) to connection catalog
Engine 0 (pid 26043) host memory = 80380MB.
Auto thread command 2082 552.0.0 (w=0.0 aw=0.0 lp=0 grd=0) started on engine pid=26031,rank=1,slot=0
Auto thread command 2082 552.0.0 (w=0.0 aw=0.0 lp=0 grd=0) started on engine pid=26043,rank=0,slot=1
command 2082 552.0.0 ended on engine pid=26031,rank=1,slot=0
command 2082 552.0.0 ended on engine pid=26043,rank=0,slot=1
Auto thread command 1822 477.0.0 (w=0.0 aw=0.0 lp=0 grd=0) started on engine pid=26043,rank=0,slot=1
command 1822 477.0.0 ended on engine pid=26043,rank=0,slot=1
Auto thread command 1829 479.0.0 (w=0.0 aw=0.0 lp=0 grd=0) started on engine pid=26043,rank=0,slot=1
command 1829 479.0.0 ended on engine pid=26043,rank=0,slot=1
  Descriptor 24 hang up
Removing fd 24 from connection catalog
Closing socket 24
  Listening socket is readable
  New connection to poll - 24
Adding fd 24 (pid=26043,rank=0,slot=1) to connection catalog
Engine 0 (pid 26043) host memory = 80380MB.
Auto thread command 1836 482.0.0 (w=0.0 aw=0.0 lp=0 grd=0) started on engine pid=26031,rank=1,slot=0
command 1836 482.0.0 ended on engine pid=26031,rank=1,slot=0
Removing fd 21 from connection catalog
  Descriptor 21 hang up
Cannot identify connection with fd 21. No engine to shutdown.
Closing socket 21
[1.000754s] usr=0.0s, sys=0.0s
Auto thread command 2082 552.0.0 (w=0.0 aw=0.0 lp=0 grd=0) started on engine pid=26043,rank=0,slot=1
command 2082 552.0.0 ended on engine pid=26043,rank=0,slot=1
  Listening socket is readable
  New connection to poll - 21
Adding fd 21 (pid=26031,rank=1,slot=0) to connection catalog
Engine 1 (pid 26031) host memory = 80380MB.
Auto thread command 1868 489.0.0 (w=0.0 aw=0.0 lp=0 grd=0) started on engine pid=26043,rank=0,slot=1
Auto thread command 2082 552.0.0 (w=0.0 aw=0.0 lp=0 grd=0) started on engine pid=26031,rank=1,slot=0
command 2082 552.0.0 ended on engine pid=26031,rank=1,slot=0
Auto thread command 0 0 (w=0.0 aw=0.0 lp=0 grd=0) started on engine pid=26031,rank=1,slot=0
command 0 0 ended on engine pid=26031,rank=1,slot=0
Removing fd 21 from connection catalog
  Descriptor 21 hang up
Cannot identify connection with fd 21. No engine to shutdown.
Closing socket 21
command 1868 489.0.0 ended on engine pid=26043,rank=0,slot=1
Auto thread command 2090 556.0.0 (w=0.0 aw=0.0 lp=0 grd=0) started on engine pid=26043,rank=0,slot=1
  Listening socket is readable
  New connection to poll - 21
Adding fd 21 (pid=26031,rank=1,slot=0) to connection catalog
Engine 1 (pid 26031) host memory = 80380MB.
command 2090 556.0.0 ended on engine pid=26043,rank=0,slot=1
Auto thread command 2099 557.0.0 (w=0.0 aw=0.0 lp=0 grd=0) started on engine pid=26043,rank=0,slot=1
command 2099 557.0.0 ended on engine pid=26043,rank=0,slot=1
  Descriptor 24 hang up
Removing fd 24 from connection catalog
Closing socket 24
Auto thread command 2082 552.0.0 (w=0.0 aw=0.0 lp=0 grd=0) started on engine pid=26031,rank=1,slot=0
command 2082 552.0.0 ended on engine pid=26031,rank=1,slot=0
Auto thread command 6021 1821.0.0.1823.0.0 (w=0.0 aw=0.0 lp=0 grd=0) started on engine pid=26031,rank=1,slot=0
  Listening socket is readable
  New connection to poll - 24
Adding fd 24 (pid=26043,rank=0,slot=1) to connection catalog
Engine 0 (pid 26043) host memory = 80380MB.
[2.000446s] usr=0.0s, sys=0.0s
command 6021 1821.0.0.1823.0.0 ended on engine pid=26031,rank=1,slot=0
Auto thread command 2813 776.0.0 (w=0.0 aw=0.0 lp=0 grd=0) started on engine pid=26031,rank=1,slot=0
command 2813 776.0.0 ended on engine pid=26031,rank=1,slot=0
Auto thread command 2787 768.0.0 (w=0.0 aw=0.0 lp=0 grd=0) started on engine pid=26031,rank=1,slot=0
command 2787 768.0.0 ended on engine pid=26031,rank=1,slot=0
Auto thread command 2761 760.0.0 (w=0.0 aw=0.0 lp=0 grd=0) started on engine pid=26031,rank=1,slot=0
command 2761 760.0.0 ended on engine pid=26031,rank=1,slot=0
Auto thread command 2750 757.0.0 (w=0.0 aw=0.0 lp=0 grd=0) started on engine pid=26031,rank=1,slot=0
command 2750 757.0.0 ended on engine pid=26031,rank=1,slot=0
Auto thread command 2724 749.0.0 (w=0.0 aw=0.0 lp=0 grd=0) started on engine pid=26031,rank=1,slot=0
command 2724 749.0.0 ended on engine pid=26031,rank=1,slot=0
Auto thread command 2698 741.0.0 (w=0.0 aw=0.0 lp=0 grd=0) started on engine pid=26031,rank=1,slot=0
command 2698 741.0.0 ended on engine pid=26031,rank=1,slot=0
Auto thread command 2687 738.0.0 (w=0.0 aw=0.0 lp=0 grd=0) started on engine pid=26031,rank=1,slot=0
command 2687 738.0.0 ended on engine pid=26031,rank=1,slot=0
Auto thread command 2661 730.0.0 (w=0.0 aw=0.0 lp=0 grd=0) started on engine pid=26031,rank=1,slot=0
command 2661 730.0.0 ended on engine pid=26031,rank=1,slot=0
Auto thread command 2635 722.0.0 (w=0.0 aw=0.0 lp=0 grd=0) started on engine pid=26031,rank=1,slot=0
command 2635 722.0.0 ended on engine pid=26031,rank=1,slot=0
Auto thread command 2624 719.0.0 (w=0.0 aw=0.0 lp=0 grd=0) started on engine pid=26031,rank=1,slot=0
command 2624 719.0.0 ended on engine pid=26031,rank=1,slot=0
Auto thread command 2598 711.0.0 (w=0.0 aw=0.0 lp=0 grd=0) started on engine pid=26031,rank=1,slot=0
command 2598 711.0.0 ended on engine pid=26031,rank=1,slot=0
Auto thread command 2572 703.0.0 (w=0.0 aw=0.0 lp=0 grd=0) started on engine pid=26031,rank=1,slot=0
command 2572 703.0.0 ended on engine pid=26031,rank=1,slot=0
Auto thread command 2543 693.0.0 (w=0.0 aw=0.0 lp=0 grd=0) started on engine pid=26031,rank=1,slot=0
command 2543 693.0.0 ended on engine pid=26031,rank=1,slot=0
Auto thread command 2517 685.0.0 (w=0.0 aw=0.0 lp=0 grd=0) started on engine pid=26031,rank=1,slot=0
command 2517 685.0.0 ended on engine pid=26031,rank=1,slot=0
Auto thread command 2506 682.0.0 (w=0.0 aw=0.0 lp=0 grd=0) started on engine pid=26031,rank=1,slot=0
command 2506 682.0.0 ended on engine pid=26031,rank=1,slot=0
Auto thread command 2480 674.0.0 (w=0.0 aw=0.0 lp=0 grd=0) started on engine pid=26031,rank=1,slot=0
command 2480 674.0.0 ended on engine pid=26031,rank=1,slot=0
Auto thread command 2454 666.0.0 (w=0.0 aw=0.0 lp=0 grd=0) started on engine pid=26031,rank=1,slot=0
command 2454 666.0.0 ended on engine pid=26031,rank=1,slot=0
Auto thread command 2428 658.0.0 (w=0.0 aw=0.0 lp=0 grd=0) started on engine pid=26031,rank=1,slot=0
command 2428 658.0.0 ended on engine pid=26031,rank=1,slot=0
Auto thread command 2399 648.0.0 (w=0.0 aw=0.0 lp=0 grd=0) started on engine pid=26031,rank=1,slot=0
command 2399 648.0.0 ended on engine pid=26031,rank=1,slot=0
Auto thread command 2373 640.0.0 (w=0.0 aw=0.0 lp=0 grd=0) started on engine pid=26031,rank=1,slot=0
command 2373 640.0.0 ended on engine pid=26031,rank=1,slot=0
Auto thread command 2347 632.0.0 (w=0.0 aw=0.0 lp=0 grd=0) started on engine pid=26031,rank=1,slot=0
command 2347 632.0.0 ended on engine pid=26031,rank=1,slot=0
Auto thread command 2321 624.0.0 (w=0.0 aw=0.0 lp=0 grd=0) started on engine pid=26031,rank=1,slot=0
command 2321 624.0.0 ended on engine pid=26031,rank=1,slot=0
Auto thread command 2295 616.0.0 (w=0.0 aw=0.0 lp=0 grd=0) started on engine pid=26031,rank=1,slot=0
command 2295 616.0.0 ended on engine pid=26031,rank=1,slot=0
Auto thread command 2269 608.0.0 (w=0.0 aw=0.0 lp=0 grd=0) started on engine pid=26031,rank=1,slot=0
command 2269 608.0.0 ended on engine pid=26031,rank=1,slot=0
Auto thread command 2243 600.0.0 (w=0.0 aw=0.0 lp=0 grd=0) started on engine pid=26031,rank=1,slot=0
command 2243 600.0.0 ended on engine pid=26031,rank=1,slot=0
Auto thread command 2217 592.0.0 (w=0.0 aw=0.0 lp=0 grd=0) started on engine pid=26031,rank=1,slot=0
command 2217 592.0.0 ended on engine pid=26031,rank=1,slot=0
Auto thread command 2191 584.0.0 (w=0.0 aw=0.0 lp=0 grd=0) started on engine pid=26031,rank=1,slot=0
command 2191 584.0.0 ended on engine pid=26031,rank=1,slot=0
Auto thread command 2180 581.0.0 (w=0.0 aw=0.0 lp=0 grd=0) started on engine pid=26031,rank=1,slot=0
Auto thread command 2082 552.0.0 (w=0.0 aw=0.0 lp=0 grd=0) started on engine pid=26043,rank=0,slot=1
command 2082 552.0.0 ended on engine pid=26043,rank=0,slot=1
Auto thread command 2145 573.0.0 (w=0.0 aw=0.0 lp=0 grd=0) started on engine pid=26043,rank=0,slot=1
command 2180 581.0.0 ended on engine pid=26031,rank=1,slot=0
Auto thread command 2087 555.0.0 (w=0.0 aw=0.0 lp=0 grd=0) started on engine pid=26031,rank=1,slot=0
command 2087 555.0.0 ended on engine pid=26031,rank=1,slot=0
Auto thread command 2102 558.0.0 (w=0.0 aw=0.0 lp=0 grd=0) started on engine pid=26031,rank=1,slot=0
command 2145 573.0.0 ended on engine pid=26043,rank=0,slot=1
Auto thread command 2157 574.0.0 (w=0.0 aw=0.0 lp=0 grd=0) started on engine pid=26043,rank=0,slot=1
command 2102 558.0.0 ended on engine pid=26031,rank=1,slot=0
Auto thread command 2185 582.0.0 (w=0.0 aw=0.0 lp=0 grd=0) started on engine pid=26031,rank=1,slot=0
command 2157 574.0.0 ended on engine pid=26043,rank=0,slot=1
Auto thread command 2196 585.0.0 (w=0.0 aw=0.0 lp=0 grd=0) started on engine pid=26043,rank=0,slot=1
command 2185 582.0.0 ended on engine pid=26031,rank=1,slot=0
Auto thread command 2222 593.0.0 (w=0.0 aw=0.0 lp=0 grd=0) started on engine pid=26031,rank=1,slot=0
command 2196 585.0.0 ended on engine pid=26043,rank=0,slot=1
Auto thread command 4221 1266.0.0 (w=0.0 aw=0.0 lp=0 grd=0) started on engine pid=26043,rank=0,slot=1
command 2222 593.0.0 ended on engine pid=26031,rank=1,slot=0
Auto thread command 2248 601.0.0 (w=0.0 aw=0.0 lp=0 grd=0) started on engine pid=26031,rank=1,slot=0
command 2248 601.0.0 ended on engine pid=26031,rank=1,slot=0
Auto thread command 2274 609.0.0 (w=0.0 aw=0.0 lp=0 grd=0) started on engine pid=26031,rank=1,slot=0
command 2274 609.0.0 ended on engine pid=26031,rank=1,slot=0
Auto thread command 2300 617.0.0 (w=0.0 aw=0.0 lp=0 grd=0) started on engine pid=26031,rank=1,slot=0
command 2300 617.0.0 ended on engine pid=26031,rank=1,slot=0
Auto thread command 2326 625.0.0 (w=0.0 aw=0.0 lp=0 grd=0) started on engine pid=26031,rank=1,slot=0
command 2326 625.0.0 ended on engine pid=26031,rank=1,slot=0
command 4221 1266.0.0 ended on engine pid=26043,rank=0,slot=1
Auto thread command 3175 923.0.0 (w=0.0 aw=0.0 lp=0 grd=0) started on engine pid=26043,rank=0,slot=1
Auto thread command 2352 633.0.0 (w=0.0 aw=0.0 lp=0 grd=0) started on engine pid=26031,rank=1,slot=0
command 3175 923.0.0 ended on engine pid=26043,rank=0,slot=1
Auto thread command 3180 925.0.0 (w=0.0 aw=0.0 lp=0 grd=0) started on engine pid=26043,rank=0,slot=1
command 2352 633.0.0 ended on engine pid=26031,rank=1,slot=0
Auto thread command 2378 641.0.0 (w=0.0 aw=0.0 lp=0 grd=0) started on engine pid=26031,rank=1,slot=0
command 2378 641.0.0 ended on engine pid=26031,rank=1,slot=0
Auto thread command 2404 649.0.0 (w=0.0 aw=0.0 lp=0 grd=0) started on engine pid=26031,rank=1,slot=0
command 2404 649.0.0 ended on engine pid=26031,rank=1,slot=0
Auto thread command 4618 1363.0.0 (w=0.0 aw=0.0 lp=0 grd=0) started on engine pid=26031,rank=1,slot=0
command 4618 1363.0.0 ended on engine pid=26031,rank=1,slot=0
Auto thread command 4234 1270.0.0 (w=0.0 aw=0.0 lp=0 grd=0) started on engine pid=26031,rank=1,slot=0
command 3180 925.0.0 ended on engine pid=26043,rank=0,slot=1
Auto thread command 2433 659.0.0 (w=0.0 aw=0.0 lp=0 grd=0) started on engine pid=26043,rank=0,slot=1
command 4234 1270.0.0 ended on engine pid=26031,rank=1,slot=0
Auto thread command 2459 667.0.0 (w=0.0 aw=0.0 lp=0 grd=0) started on engine pid=26031,rank=1,slot=0
command 2433 659.0.0 ended on engine pid=26043,rank=0,slot=1
Auto thread command 4191 1256.0.0 (w=0.0 aw=0.0 lp=0 grd=0) started on engine pid=26043,rank=0,slot=1
command 2459 667.0.0 ended on engine pid=26031,rank=1,slot=0
Auto thread command 2485 675.0.0 (w=0.0 aw=0.0 lp=0 grd=0) started on engine pid=26031,rank=1,slot=0
command 4191 1256.0.0 ended on engine pid=26043,rank=0,slot=1
Auto thread command 2511 683.0.0 (w=0.0 aw=0.0 lp=0 grd=0) started on engine pid=26043,rank=0,slot=1
command 2485 675.0.0 ended on engine pid=26031,rank=1,slot=0
Auto thread command 4204 1260.0.0 (w=0.0 aw=0.0 lp=0 grd=0) started on engine pid=26031,rank=1,slot=0
command 2511 683.0.0 ended on engine pid=26043,rank=0,slot=1
Auto thread command 2522 686.0.0 (w=0.0 aw=0.0 lp=0 grd=0) started on engine pid=26043,rank=0,slot=1
command 2522 686.0.0 ended on engine pid=26043,rank=0,slot=1
Auto thread command 4163 1247.0.0 (w=0.0 aw=0.0 lp=0 grd=0) started on engine pid=26043,rank=0,slot=1
command 4204 1260.0.0 ended on engine pid=26031,rank=1,slot=0
Auto thread command 2548 694.0.0 (w=0.0 aw=0.0 lp=0 grd=0) started on engine pid=26031,rank=1,slot=0
command 4163 1247.0.0 ended on engine pid=26043,rank=0,slot=1
Auto thread command 2577 704.0.0 (w=0.0 aw=0.0 lp=0 grd=0) started on engine pid=26043,rank=0,slot=1
command 2548 694.0.0 ended on engine pid=26031,rank=1,slot=0
Auto thread command 4176 1251.0.0 (w=0.0 aw=0.0 lp=0 grd=0) started on engine pid=26031,rank=1,slot=0
command 2577 704.0.0 ended on engine pid=26043,rank=0,slot=1
Auto thread command 4135 1238.0.0 (w=0.0 aw=0.0 lp=0 grd=0) started on engine pid=26043,rank=0,slot=1
command 4176 1251.0.0 ended on engine pid=26031,rank=1,slot=0
Auto thread command 2603 712.0.0 (w=0.0 aw=0.0 lp=0 grd=0) started on engine pid=26031,rank=1,slot=0
command 2603 712.0.0 ended on engine pid=26031,rank=1,slot=0
command 4135 1238.0.0 ended on engine pid=26043,rank=0,slot=1
Auto thread command 2629 720.0.0 (w=0.0 aw=0.0 lp=0 grd=0) started on engine pid=26031,rank=1,slot=0
Auto thread command 4148 1242.0.0 (w=0.0 aw=0.0 lp=0 grd=0) started on engine pid=26043,rank=0,slot=1
command 2629 720.0.0 ended on engine pid=26031,rank=1,slot=0
Auto thread command 2640 723.0.0 (w=0.0 aw=0.0 lp=0 grd=0) started on engine pid=26031,rank=1,slot=0
command 2640 723.0.0 ended on engine pid=26031,rank=1,slot=0
Auto thread command 4107 1229.0.0 (w=0.0 aw=0.0 lp=0 grd=0) started on engine pid=26031,rank=1,slot=0
command 4148 1242.0.0 ended on engine pid=26043,rank=0,slot=1
Auto thread command 2666 731.0.0 (w=0.0 aw=0.0 lp=0 grd=0) started on engine pid=26043,rank=0,slot=1
command 4107 1229.0.0 ended on engine pid=26031,rank=1,slot=0
Auto thread command 2692 739.0.0 (w=0.0 aw=0.0 lp=0 grd=0) started on engine pid=26031,rank=1,slot=0
command 2666 731.0.0 ended on engine pid=26043,rank=0,slot=1
Auto thread command 4120 1233.0.0 (w=0.0 aw=0.0 lp=0 grd=0) started on engine pid=26043,rank=0,slot=1
command 2692 739.0.0 ended on engine pid=26031,rank=1,slot=0
Auto thread command 2703 742.0.0 (w=0.0 aw=0.0 lp=0 grd=0) started on engine pid=26031,rank=1,slot=0
command 2703 742.0.0 ended on engine pid=26031,rank=1,slot=0
Auto thread command 4079 1220.0.0 (w=0.0 aw=0.0 lp=0 grd=0) started on engine pid=26031,rank=1,slot=0
command 4120 1233.0.0 ended on engine pid=26043,rank=0,slot=1
Auto thread command 2729 750.0.0 (w=0.0 aw=0.0 lp=0 grd=0) started on engine pid=26043,rank=0,slot=1
command 4079 1220.0.0 ended on engine pid=26031,rank=1,slot=0
Auto thread command 2755 758.0.0 (w=0.0 aw=0.0 lp=0 grd=0) started on engine pid=26031,rank=1,slot=0
command 2729 750.0.0 ended on engine pid=26043,rank=0,slot=1
Auto thread command 4092 1224.0.0 (w=0.0 aw=0.0 lp=0 grd=0) started on engine pid=26043,rank=0,slot=1
command 2755 758.0.0 ended on engine pid=26031,rank=1,slot=0
Auto thread command 2766 761.0.0 (w=0.0 aw=0.0 lp=0 grd=0) started on engine pid=26031,rank=1,slot=0
command 2766 761.0.0 ended on engine pid=26031,rank=1,slot=0
Auto thread command 4051 1211.0.0 (w=0.0 aw=0.0 lp=0 grd=0) started on engine pid=26031,rank=1,slot=0
command 4092 1224.0.0 ended on engine pid=26043,rank=0,slot=1
Auto thread command 2792 769.0.0 (w=0.0 aw=0.0 lp=0 grd=0) started on engine pid=26043,rank=0,slot=1
command 4051 1211.0.0 ended on engine pid=26031,rank=1,slot=0
Auto thread command 2818 777.0.0 (w=0.0 aw=0.0 lp=0 grd=0) started on engine pid=26031,rank=1,slot=0
command 2792 769.0.0 ended on engine pid=26043,rank=0,slot=1
Auto thread command 4064 1215.0.0 (w=0.0 aw=0.0 lp=0 grd=0) started on engine pid=26043,rank=0,slot=1
command 2818 777.0.0 ended on engine pid=26031,rank=1,slot=0
Auto thread command 5238 1591.0.0 (w=0.0 aw=0.0 lp=0 grd=0) started on engine pid=26031,rank=1,slot=0
command 4064 1215.0.0 ended on engine pid=26043,rank=0,slot=1
command 5238 1591.0.0 ended on engine pid=26031,rank=1,slot=0
Auto thread command 3191 929.0.0 (w=0.0 aw=0.0 lp=0 grd=0) started on engine pid=26043,rank=0,slot=1
Auto thread command 2104 559.0.0 (w=0.0 aw=0.0 lp=0 grd=0) started on engine pid=26031,rank=1,slot=0
command 2104 559.0.0 ended on engine pid=26031,rank=1,slot=0
command 3191 929.0.0 ended on engine pid=26043,rank=0,slot=1
Auto thread command 6055 1834.0.0 (w=0.0 aw=0.0 lp=0 grd=0) started on engine pid=26031,rank=1,slot=0
Auto thread command 3198 931.0.0 (w=0.0 aw=0.0 lp=0 grd=0) started on engine pid=26043,rank=0,slot=1
command 6055 1834.0.0 ended on engine pid=26031,rank=1,slot=0
Auto thread command 5771 1753.0.0 (w=0.0 aw=0.0 lp=0 grd=0) started on engine pid=26031,rank=1,slot=0
command 3198 931.0.0 ended on engine pid=26043,rank=0,slot=1
Auto thread command 4828 1443.0.0 (w=0.0 aw=0.0 lp=0 grd=0) started on engine pid=26043,rank=0,slot=1
command 5771 1753.0.0 ended on engine pid=26031,rank=1,slot=0
Auto thread command 4038 1206.0.0 (w=0.0 aw=0.0 lp=0 grd=0) started on engine pid=26031,rank=1,slot=0
command 4038 1206.0.0 ended on engine pid=26031,rank=1,slot=0
command 4828 1443.0.0 ended on engine pid=26043,rank=0,slot=1
Auto thread command 4032 1203.0.0 (w=0.0 aw=0.0 lp=0 grd=0) started on engine pid=26031,rank=1,slot=0
Auto thread command 4024 1199.0.0 (w=0.0 aw=0.0 lp=0 grd=0) started on engine pid=26043,rank=0,slot=1
command 4032 1203.0.0 ended on engine pid=26031,rank=1,slot=0
command 4024 1199.0.0 ended on engine pid=26043,rank=0,slot=1
Auto thread command 4018 1196.0.0 (w=0.0 aw=0.0 lp=0 grd=0) started on engine pid=26031,rank=1,slot=0
command 4018 1196.0.0 ended on engine pid=26031,rank=1,slot=0
Auto thread command 4010 1192.0.0 (w=0.0 aw=0.0 lp=0 grd=0) started on engine pid=26043,rank=0,slot=1
Auto thread command 4004 1189.0.0 (w=0.0 aw=0.0 lp=0 grd=0) started on engine pid=26031,rank=1,slot=0
command 4010 1192.0.0 ended on engine pid=26043,rank=0,slot=1
command 4004 1189.0.0 ended on engine pid=26031,rank=1,slot=0
Auto thread command 3996 1185.0.0 (w=0.0 aw=0.0 lp=0 grd=0) started on engine pid=26043,rank=0,slot=1
Auto thread command 3990 1182.0.0 (w=0.0 aw=0.0 lp=0 grd=0) started on engine pid=26031,rank=1,slot=0
command 3996 1185.0.0 ended on engine pid=26043,rank=0,slot=1
command 3990 1182.0.0 ended on engine pid=26031,rank=1,slot=0
Auto thread command 3982 1178.0.0 (w=0.0 aw=0.0 lp=0 grd=0) started on engine pid=26043,rank=0,slot=1
Auto thread command 3976 1175.0.0 (w=0.0 aw=0.0 lp=0 grd=0) started on engine pid=26031,rank=1,slot=0
command 3982 1178.0.0 ended on engine pid=26043,rank=0,slot=1
command 3976 1175.0.0 ended on engine pid=26031,rank=1,slot=0
Auto thread command 3968 1171.0.0 (w=0.0 aw=0.0 lp=0 grd=0) started on engine pid=26043,rank=0,slot=1
command 3968 1171.0.0 ended on engine pid=26043,rank=0,slot=1
Auto thread command 3962 1168.0.0 (w=0.0 aw=0.0 lp=0 grd=0) started on engine pid=26031,rank=1,slot=0
command 3962 1168.0.0 ended on engine pid=26031,rank=1,slot=0
Auto thread command 3954 1164.0.0 (w=0.0 aw=0.0 lp=0 grd=0) started on engine pid=26043,rank=0,slot=1
command 3954 1164.0.0 ended on engine pid=26043,rank=0,slot=1
Auto thread command 3948 1161.0.0 (w=0.0 aw=0.0 lp=0 grd=0) started on engine pid=26031,rank=1,slot=0
command 3948 1161.0.0 ended on engine pid=26031,rank=1,slot=0
Auto thread command 3940 1157.0.0 (w=0.0 aw=0.0 lp=0 grd=0) started on engine pid=26043,rank=0,slot=1
command 3940 1157.0.0 ended on engine pid=26043,rank=0,slot=1
Auto thread command 3934 1154.0.0 (w=0.0 aw=0.0 lp=0 grd=0) started on engine pid=26031,rank=1,slot=0
command 3934 1154.0.0 ended on engine pid=26031,rank=1,slot=0
Auto thread command 3926 1150.0.0 (w=0.0 aw=0.0 lp=0 grd=0) started on engine pid=26043,rank=0,slot=1
command 3926 1150.0.0 ended on engine pid=26043,rank=0,slot=1
Auto thread command 3920 1147.0.0 (w=0.0 aw=0.0 lp=0 grd=0) started on engine pid=26031,rank=1,slot=0
command 3920 1147.0.0 ended on engine pid=26031,rank=1,slot=0
Auto thread command 3186 927.0.0 (w=0.0 aw=0.0 lp=0 grd=0) started on engine pid=26043,rank=0,slot=1
command 3186 927.0.0 ended on engine pid=26043,rank=0,slot=1
Auto thread command 3172 921.0.0 (w=0.0 aw=0.0 lp=0 grd=0) started on engine pid=26031,rank=1,slot=0
command 3172 921.0.0 ended on engine pid=26031,rank=1,slot=0
Auto thread command 3154 914.0.0 (w=0.0 aw=0.0 lp=0 grd=0) started on engine pid=26043,rank=0,slot=1
command 3154 914.0.0 ended on engine pid=26043,rank=0,slot=1
Auto thread command 3136 907.0.0 (w=0.0 aw=0.0 lp=0 grd=0) started on engine pid=26031,rank=1,slot=0
command 3136 907.0.0 ended on engine pid=26031,rank=1,slot=0
Auto thread command 3133 905.0.0 (w=0.0 aw=0.0 lp=0 grd=0) started on engine pid=26043,rank=0,slot=1
Auto thread command 3115 898.0.0 (w=0.0 aw=0.0 lp=0 grd=0) started on engine pid=26031,rank=1,slot=0
command 3133 905.0.0 ended on engine pid=26043,rank=0,slot=1
command 3115 898.0.0 ended on engine pid=26031,rank=1,slot=0
Auto thread command 3097 891.0.0 (w=0.0 aw=0.0 lp=0 grd=0) started on engine pid=26043,rank=0,slot=1
command 3097 891.0.0 ended on engine pid=26043,rank=0,slot=1
Auto thread command 3094 889.0.0 (w=0.0 aw=0.0 lp=0 grd=0) started on engine pid=26031,rank=1,slot=0
command 3094 889.0.0 ended on engine pid=26031,rank=1,slot=0
Auto thread command 3076 882.0.0 (w=0.0 aw=0.0 lp=0 grd=0) started on engine pid=26043,rank=0,slot=1
command 3076 882.0.0 ended on engine pid=26043,rank=0,slot=1
Auto thread command 3058 875.0.0 (w=0.0 aw=0.0 lp=0 grd=0) started on engine pid=26031,rank=1,slot=0
command 3058 875.0.0 ended on engine pid=26031,rank=1,slot=0
Auto thread command 3055 873.0.0 (w=0.0 aw=0.0 lp=0 grd=0) started on engine pid=26043,rank=0,slot=1
command 3055 873.0.0 ended on engine pid=26043,rank=0,slot=1
Auto thread command 3037 866.0.0 (w=0.0 aw=0.0 lp=0 grd=0) started on engine pid=26031,rank=1,slot=0
command 3037 866.0.0 ended on engine pid=26031,rank=1,slot=0
Auto thread command 3019 859.0.0 (w=0.0 aw=0.0 lp=0 grd=0) started on engine pid=26043,rank=0,slot=1
command 3019 859.0.0 ended on engine pid=26043,rank=0,slot=1
Auto thread command 3016 857.0.0 (w=0.0 aw=0.0 lp=0 grd=0) started on engine pid=26031,rank=1,slot=0
command 3016 857.0.0 ended on engine pid=26031,rank=1,slot=0
Auto thread command 2998 850.0.0 (w=0.0 aw=0.0 lp=0 grd=0) started on engine pid=26043,rank=0,slot=1
command 2998 850.0.0 ended on engine pid=26043,rank=0,slot=1
Auto thread command 2980 843.0.0 (w=0.0 aw=0.0 lp=0 grd=0) started on engine pid=26031,rank=1,slot=0
command 2980 843.0.0 ended on engine pid=26031,rank=1,slot=0
Auto thread command 2977 841.0.0 (w=0.0 aw=0.0 lp=0 grd=0) started on engine pid=26043,rank=0,slot=1
Auto thread command 2959 834.0.0 (w=0.0 aw=0.0 lp=0 grd=0) started on engine pid=26031,rank=1,slot=0
command 2977 841.0.0 ended on engine pid=26043,rank=0,slot=1
command 2959 834.0.0 ended on engine pid=26031,rank=1,slot=0
Auto thread command 2941 827.0.0 (w=0.0 aw=0.0 lp=0 grd=0) started on engine pid=26043,rank=0,slot=1
command 2941 827.0.0 ended on engine pid=26043,rank=0,slot=1
Auto thread command 2938 825.0.0 (w=0.0 aw=0.0 lp=0 grd=0) started on engine pid=26031,rank=1,slot=0
command 2938 825.0.0 ended on engine pid=26031,rank=1,slot=0
Auto thread command 2920 818.0.0 (w=0.0 aw=0.0 lp=0 grd=0) started on engine pid=26043,rank=0,slot=1
command 2920 818.0.0 ended on engine pid=26043,rank=0,slot=1
Auto thread command 2902 811.0.0 (w=0.0 aw=0.0 lp=0 grd=0) started on engine pid=26031,rank=1,slot=0
command 2902 811.0.0 ended on engine pid=26031,rank=1,slot=0
Auto thread command 2899 809.0.0 (w=0.0 aw=0.0 lp=0 grd=0) started on engine pid=26043,rank=0,slot=1
command 2899 809.0.0 ended on engine pid=26043,rank=0,slot=1
Auto thread command 2881 802.0.0 (w=0.0 aw=0.0 lp=0 grd=0) started on engine pid=26031,rank=1,slot=0
command 2881 802.0.0 ended on engine pid=26031,rank=1,slot=0
Auto thread command 2863 795.0.0 (w=0.0 aw=0.0 lp=0 grd=0) started on engine pid=26043,rank=0,slot=1
command 2863 795.0.0 ended on engine pid=26043,rank=0,slot=1
Auto thread command 2860 793.0.0 (w=0.0 aw=0.0 lp=0 grd=0) started on engine pid=26031,rank=1,slot=0
command 2860 793.0.0 ended on engine pid=26031,rank=1,slot=0
Auto thread command 2842 786.0.0 (w=0.0 aw=0.0 lp=0 grd=0) started on engine pid=26043,rank=0,slot=1
command 2842 786.0.0 ended on engine pid=26043,rank=0,slot=1
Auto thread command 2824 779.0.0 (w=0.0 aw=0.0 lp=0 grd=0) started on engine pid=26031,rank=1,slot=0
command 2824 779.0.0 ended on engine pid=26031,rank=1,slot=0
Auto thread command 2569 701.0.0 (w=0.0 aw=0.0 lp=0 grd=0) started on engine pid=26043,rank=0,slot=1
command 2569 701.0.0 ended on engine pid=26043,rank=0,slot=1
Auto thread command 2425 656.0.0 (w=0.0 aw=0.0 lp=0 grd=0) started on engine pid=26031,rank=1,slot=0
Auto thread command 2084 554.0.0 (w=0.0 aw=0.0 lp=0 grd=0) started on engine pid=26043,rank=0,slot=1
command 2425 656.0.0 ended on engine pid=26031,rank=1,slot=0
command 2084 554.0.0 ended on engine pid=26043,rank=0,slot=1
Auto thread command 0 0 (w=0.0 aw=0.0 lp=0 grd=0) started on engine pid=26031,rank=1,slot=0
command 0 0 ended on engine pid=26031,rank=1,slot=0
Auto thread command 4598 1357.0.0 (w=0.0 aw=0.0 lp=0 grd=0) started on engine pid=26043,rank=0,slot=1
Auto thread command 4577 1352.0.0 (w=0.0 aw=0.0 lp=0 grd=0) started on engine pid=26031,rank=1,slot=0
command 4598 1357.0.0 ended on engine pid=26043,rank=0,slot=1
command 4577 1352.0.0 ended on engine pid=26031,rank=1,slot=0
Auto thread command 3209 934.0.0 (w=0.0 aw=0.0 lp=0 grd=0) started on engine pid=26043,rank=0,slot=1
Auto thread command 4587 1354.0.0 (w=0.0 aw=0.0 lp=0 grd=0) started on engine pid=26031,rank=1,slot=0
command 4587 1354.0.0 ended on engine pid=26031,rank=1,slot=0
Auto thread command 4668 1383.0.0 (w=0.0 aw=0.0 lp=0 grd=0) started on engine pid=26031,rank=1,slot=0
command 4668 1383.0.0 ended on engine pid=26031,rank=1,slot=0
Auto thread command 3253 947.0.0 (w=0.0 aw=0.0 lp=0 grd=0) started on engine pid=26031,rank=1,slot=0
command 3209 934.0.0 ended on engine pid=26043,rank=0,slot=1
Auto thread command 3220 937.0.0 (w=0.0 aw=0.0 lp=0 grd=0) started on engine pid=26043,rank=0,slot=1
command 3253 947.0.0 ended on engine pid=26031,rank=1,slot=0
Auto thread command 4609 1360.0.0 (w=0.0 aw=0.0 lp=0 grd=0) started on engine pid=26031,rank=1,slot=0
command 3220 937.0.0 ended on engine pid=26043,rank=0,slot=1
Auto thread command 3231 940.0.0 (w=0.0 aw=0.0 lp=0 grd=0) started on engine pid=26043,rank=0,slot=1
command 4609 1360.0.0 ended on engine pid=26031,rank=1,slot=0
command 3231 940.0.0 ended on engine pid=26043,rank=0,slot=1
Auto thread command 4717 1400.0.0 (w=0.0 aw=0.0 lp=0 grd=0) started on engine pid=26031,rank=1,slot=0
command 4717 1400.0.0 ended on engine pid=26031,rank=1,slot=0
Auto thread command 3303 962.0.0 (w=0.0 aw=0.0 lp=0 grd=0) started on engine pid=26043,rank=0,slot=1
Auto thread command 3237 942.0.0 (w=0.0 aw=0.0 lp=0 grd=0) started on engine pid=26031,rank=1,slot=0
command 3237 942.0.0 ended on engine pid=26031,rank=1,slot=0
Auto thread command 3242 944.0.0 (w=0.0 aw=0.0 lp=0 grd=0) started on engine pid=26031,rank=1,slot=0
command 3303 962.0.0 ended on engine pid=26043,rank=0,slot=1
Auto thread command 3264 950.0.0 (w=0.0 aw=0.0 lp=0 grd=0) started on engine pid=26043,rank=0,slot=1
command 3242 944.0.0 ended on engine pid=26031,rank=1,slot=0
Auto thread command 3519 1022.0.0 (w=0.0 aw=0.0 lp=0 grd=0) started on engine pid=26031,rank=1,slot=0
command 3264 950.0.0 ended on engine pid=26043,rank=0,slot=1
Auto thread command 3275 953.0.0 (w=0.0 aw=0.0 lp=0 grd=0) started on engine pid=26043,rank=0,slot=1
command 3275 953.0.0 ended on engine pid=26043,rank=0,slot=1
Auto thread command 3286 956.0.0 (w=0.0 aw=0.0 lp=0 grd=0) started on engine pid=26043,rank=0,slot=1
command 3286 956.0.0 ended on engine pid=26043,rank=0,slot=1
Auto thread command 3311 964.0.0 (w=0.0 aw=0.0 lp=0 grd=0) started on engine pid=26043,rank=0,slot=1
command 3311 964.0.0 ended on engine pid=26043,rank=0,slot=1
Reported thread stats of engine 0, 1 to dp memory manager
[3.000974s] usr=0.01s, sys=0.04s
Auto thread command 3292 958.0.0 (w=0.0 aw=0.0 lp=0 grd=0) started on engine pid=26043,rank=0,slot=1
command 3292 958.0.0 ended on engine pid=26043,rank=0,slot=1
Auto thread command 3297 960.0.0 (w=0.0 aw=0.0 lp=0 grd=0) started on engine pid=26043,rank=0,slot=1
command 3519 1022.0.0 ended on engine pid=26031,rank=1,slot=0
command 3297 960.0.0 ended on engine pid=26043,rank=0,slot=1
Auto thread command 3873 1130.0.0 (w=0.0 aw=0.0 lp=0 grd=0) started on engine pid=26031,rank=1,slot=0
Auto thread command 3792 1102.0.0 (w=0.0 aw=0.0 lp=0 grd=0) started on engine pid=26043,rank=0,slot=1
command 3873 1130.0.0 ended on engine pid=26031,rank=1,slot=0
Auto thread command 4772 1418.0.0 (w=0.0 aw=0.0 lp=0 grd=0) started on engine pid=26031,rank=1,slot=0
command 4772 1418.0.0 ended on engine pid=26031,rank=1,slot=0
Auto thread command 4860 1457.0.0 (w=0.0 aw=0.0 lp=0 grd=0) started on engine pid=26031,rank=1,slot=0
command 4860 1457.0.0 ended on engine pid=26031,rank=1,slot=0
Auto thread command 4506 1332.0.0 (w=0.0 aw=0.0 lp=0 grd=0) started on engine pid=26031,rank=1,slot=0
command 4506 1332.0.0 ended on engine pid=26031,rank=1,slot=0
Auto thread command 4501 1330.0.0 (w=0.0 aw=0.0 lp=0 grd=0) started on engine pid=26031,rank=1,slot=0
command 4501 1330.0.0 ended on engine pid=26031,rank=1,slot=0
Auto thread command 4496 1328.0.0 (w=0.0 aw=0.0 lp=0 grd=0) started on engine pid=26031,rank=1,slot=0
command 4496 1328.0.0 ended on engine pid=26031,rank=1,slot=0
Auto thread command 4491 1326.0.0 (w=0.0 aw=0.0 lp=0 grd=0) started on engine pid=26031,rank=1,slot=0
command 4491 1326.0.0 ended on engine pid=26031,rank=1,slot=0
Auto thread command 4486 1324.0.0 (w=0.0 aw=0.0 lp=0 grd=0) started on engine pid=26031,rank=1,slot=0
command 4486 1324.0.0 ended on engine pid=26031,rank=1,slot=0
Auto thread command 4481 1322.0.0 (w=0.0 aw=0.0 lp=0 grd=0) started on engine pid=26031,rank=1,slot=0
command 4481 1322.0.0 ended on engine pid=26031,rank=1,slot=0
Auto thread command 4476 1320.0.0 (w=0.0 aw=0.0 lp=0 grd=0) started on engine pid=26031,rank=1,slot=0
command 4476 1320.0.0 ended on engine pid=26031,rank=1,slot=0
Auto thread command 4471 1318.0.0 (w=0.0 aw=0.0 lp=0 grd=0) started on engine pid=26031,rank=1,slot=0
command 4471 1318.0.0 ended on engine pid=26031,rank=1,slot=0
Auto thread command 4466 1316.0.0 (w=0.0 aw=0.0 lp=0 grd=0) started on engine pid=26031,rank=1,slot=0
command 4466 1316.0.0 ended on engine pid=26031,rank=1,slot=0
Auto thread command 4461 1314.0.0 (w=0.0 aw=0.0 lp=0 grd=0) started on engine pid=26031,rank=1,slot=0
command 4461 1314.0.0 ended on engine pid=26031,rank=1,slot=0
Auto thread command 4456 1312.0.0 (w=0.0 aw=0.0 lp=0 grd=0) started on engine pid=26031,rank=1,slot=0
command 4456 1312.0.0 ended on engine pid=26031,rank=1,slot=0
Auto thread command 4451 1310.0.0 (w=0.0 aw=0.0 lp=0 grd=0) started on engine pid=26031,rank=1,slot=0
command 4451 1310.0.0 ended on engine pid=26031,rank=1,slot=0
Auto thread command 4446 1308.0.0 (w=0.0 aw=0.0 lp=0 grd=0) started on engine pid=26031,rank=1,slot=0
command 4446 1308.0.0 ended on engine pid=26031,rank=1,slot=0
Auto thread command 4441 1306.0.0 (w=0.0 aw=0.0 lp=0 grd=0) started on engine pid=26031,rank=1,slot=0
command 4441 1306.0.0 ended on engine pid=26031,rank=1,slot=0
Auto thread command 4436 1304.0.0 (w=0.0 aw=0.0 lp=0 grd=0) started on engine pid=26031,rank=1,slot=0
command 4436 1304.0.0 ended on engine pid=26031,rank=1,slot=0
Auto thread command 4431 1302.0.0 (w=0.0 aw=0.0 lp=0 grd=0) started on engine pid=26031,rank=1,slot=0
command 4431 1302.0.0 ended on engine pid=26031,rank=1,slot=0
Auto thread command 4426 1300.0.0 (w=0.0 aw=0.0 lp=0 grd=0) started on engine pid=26031,rank=1,slot=0
command 4426 1300.0.0 ended on engine pid=26031,rank=1,slot=0
Auto thread command 0 0 (w=0.0 aw=0.0 lp=0 grd=0) started on engine pid=26031,rank=1,slot=0
command 0 0 ended on engine pid=26031,rank=1,slot=0
command 3792 1102.0.0 ended on engine pid=26043,rank=0,slot=1
Auto thread command 3880 1133.0.0 (w=0.0 aw=0.0 lp=0 grd=0) started on engine pid=26043,rank=0,slot=1
Auto thread command 3866 1127.0.0 (w=0.0 aw=0.0 lp=0 grd=0) started on engine pid=26031,rank=1,slot=0
command 3880 1133.0.0 ended on engine pid=26043,rank=0,slot=1
command 3866 1127.0.0 ended on engine pid=26031,rank=1,slot=0
Auto thread command 4677 1386.0.0 (w=0.0 aw=0.0 lp=0 grd=0) started on engine pid=26043,rank=0,slot=1
Auto thread command 3897 1139.0.0 (w=0.0 aw=0.0 lp=0 grd=0) started on engine pid=26031,rank=1,slot=0
command 4677 1386.0.0 ended on engine pid=26043,rank=0,slot=1
Auto thread command 4687 1388.0.0 (w=0.0 aw=0.0 lp=0 grd=0) started on engine pid=26043,rank=0,slot=1
command 4687 1388.0.0 ended on engine pid=26043,rank=0,slot=1
Auto thread command 4693 1390.0.0 (w=0.0 aw=0.0 lp=0 grd=0) started on engine pid=26043,rank=0,slot=1
command 4693 1390.0.0 ended on engine pid=26043,rank=0,slot=1
Auto thread command 4697 1392.0.0 (w=0.0 aw=0.0 lp=0 grd=0) started on engine pid=26043,rank=0,slot=1
command 4697 1392.0.0 ended on engine pid=26043,rank=0,slot=1
Auto thread command 4701 1394.0.0 (w=0.0 aw=0.0 lp=0 grd=0) started on engine pid=26043,rank=0,slot=1
command 4701 1394.0.0 ended on engine pid=26043,rank=0,slot=1
Auto thread command 4846 1451.0.0 (w=0.0 aw=0.0 lp=0 grd=0) started on engine pid=26043,rank=0,slot=1
command 4846 1451.0.0 ended on engine pid=26043,rank=0,slot=1
Auto thread command 4705 1396.0.0 (w=0.0 aw=0.0 lp=0 grd=0) started on engine pid=26043,rank=0,slot=1
command 4705 1396.0.0 ended on engine pid=26043,rank=0,slot=1
Auto thread command 4726 1403.0.0 (w=0.0 aw=0.0 lp=0 grd=0) started on engine pid=26043,rank=0,slot=1
command 4726 1403.0.0 ended on engine pid=26043,rank=0,slot=1
Auto thread command 4737 1406.0.0 (w=0.0 aw=0.0 lp=0 grd=0) started on engine pid=26043,rank=0,slot=1
command 4737 1406.0.0 ended on engine pid=26043,rank=0,slot=1
Auto thread command 4743 1408.0.0 (w=0.0 aw=0.0 lp=0 grd=0) started on engine pid=26043,rank=0,slot=1
command 4743 1408.0.0 ended on engine pid=26043,rank=0,slot=1
Auto thread command 4747 1410.0.0 (w=0.0 aw=0.0 lp=0 grd=0) started on engine pid=26043,rank=0,slot=1
command 4747 1410.0.0 ended on engine pid=26043,rank=0,slot=1
command 3897 1139.0.0 ended on engine pid=26031,rank=1,slot=0
Auto thread command 4751 1412.0.0 (w=0.0 aw=0.0 lp=0 grd=0) started on engine pid=26043,rank=0,slot=1
command 4751 1412.0.0 ended on engine pid=26043,rank=0,slot=1
Auto thread command 3910 1143.0.0 (w=0.0 aw=0.0 lp=0 grd=0) started on engine pid=26031,rank=1,slot=0
Auto thread command 4878 1465.0.0 (w=0.0 aw=0.0 lp=0 grd=0) started on engine pid=26043,rank=0,slot=1
command 4878 1465.0.0 ended on engine pid=26043,rank=0,slot=1
Auto thread command 4755 1414.0.0 (w=0.0 aw=0.0 lp=0 grd=0) started on engine pid=26043,rank=0,slot=1
command 4755 1414.0.0 ended on engine pid=26043,rank=0,slot=1
Auto thread command 4650 1375.0.0 (w=0.0 aw=0.0 lp=0 grd=0) started on engine pid=26043,rank=0,slot=1
command 3910 1143.0.0 ended on engine pid=26031,rank=1,slot=0
command 4650 1375.0.0 ended on engine pid=26043,rank=0,slot=1
Auto thread command 4347 1275.0.0 (w=0.0 aw=0.0 lp=0 grd=0) started on engine pid=26031,rank=1,slot=0
Auto thread command 4656 1377.0.0 (w=0.0 aw=0.0 lp=0 grd=0) started on engine pid=26043,rank=0,slot=1
command 4656 1377.0.0 ended on engine pid=26043,rank=0,slot=1
Auto thread command 4660 1379.0.0 (w=0.0 aw=0.0 lp=0 grd=0) started on engine pid=26043,rank=0,slot=1
command 4660 1379.0.0 ended on engine pid=26043,rank=0,slot=1
Auto thread command 4627 1366.0.0 (w=0.0 aw=0.0 lp=0 grd=0) started on engine pid=26043,rank=0,slot=1
command 4627 1366.0.0 ended on engine pid=26043,rank=0,slot=1
Auto thread command 4633 1368.0.0 (w=0.0 aw=0.0 lp=0 grd=0) started on engine pid=26043,rank=0,slot=1
command 4633 1368.0.0 ended on engine pid=26043,rank=0,slot=1
Auto thread command 4637 1370.0.0 (w=0.0 aw=0.0 lp=0 grd=0) started on engine pid=26043,rank=0,slot=1
command 4637 1370.0.0 ended on engine pid=26043,rank=0,slot=1
Auto thread command 4785 1424.0.0 (w=0.0 aw=0.0 lp=0 grd=0) started on engine pid=26043,rank=0,slot=1
command 4785 1424.0.0 ended on engine pid=26043,rank=0,slot=1
Auto thread command 4799 1430.0.0 (w=0.0 aw=0.0 lp=0 grd=0) started on engine pid=26043,rank=0,slot=1
command 4799 1430.0.0 ended on engine pid=26043,rank=0,slot=1
Auto thread command 4814 1437.0.0 (w=0.0 aw=0.0 lp=0 grd=0) started on engine pid=26043,rank=0,slot=1
command 4814 1437.0.0 ended on engine pid=26043,rank=0,slot=1
Auto thread command 0 0 (w=0.0 aw=0.0 lp=0 grd=0) started on engine pid=26043,rank=0,slot=1
command 0 0 ended on engine pid=26043,rank=0,slot=1
command 4347 1275.0.0 ended on engine pid=26031,rank=1,slot=0
Auto thread command 4511 1334.0.0 (w=0.0 aw=0.0 lp=0 grd=0) started on engine pid=26043,rank=0,slot=1
Auto thread command 0 0 (w=0.0 aw=0.0 lp=0 grd=0) started on engine pid=26031,rank=1,slot=0
command 0 0 ended on engine pid=26031,rank=1,slot=0
command 4511 1334.0.0 ended on engine pid=26043,rank=0,slot=1
Auto thread command 4544 1344.0.0 (w=0.0 aw=0.0 lp=0 grd=0) started on engine pid=26043,rank=0,slot=1
command 4544 1344.0.0 ended on engine pid=26043,rank=0,slot=1
Auto thread command 4912 1479.0.0 (w=0.0 aw=0.0 lp=0 grd=0) started on engine pid=26043,rank=0,slot=1
command 4912 1479.0.0 ended on engine pid=26043,rank=0,slot=1
Auto thread command 4933 1483.0.0 (w=0.0 aw=0.0 lp=0 grd=0) started on engine pid=26043,rank=0,slot=1
command 4933 1483.0.0 ended on engine pid=26043,rank=0,slot=1
Auto thread command 5034 1527.0.0 (w=0.0 aw=0.0 lp=0 grd=0) started on engine pid=26043,rank=0,slot=1
Auto thread command 5001 1513.0.0 (w=0.0 aw=0.0 lp=0 grd=0) started on engine pid=26031,rank=1,slot=0
command 5034 1527.0.0 ended on engine pid=26043,rank=0,slot=1
Auto thread command 5048 1533.0.0 (w=0.0 aw=0.0 lp=0 grd=0) started on engine pid=26043,rank=0,slot=1
command 5001 1513.0.0 ended on engine pid=26031,rank=1,slot=0
command 5048 1533.0.0 ended on engine pid=26043,rank=0,slot=1
Auto thread command 5015 1519.0.0 (w=0.0 aw=0.0 lp=0 grd=0) started on engine pid=26031,rank=1,slot=0
Auto thread command 4969 1499.0.0 (w=0.0 aw=0.0 lp=0 grd=0) started on engine pid=26043,rank=0,slot=1
command 5015 1519.0.0 ended on engine pid=26031,rank=1,slot=0
Auto thread command 4937 1485.0.0 (w=0.0 aw=0.0 lp=0 grd=0) started on engine pid=26031,rank=1,slot=0
command 4969 1499.0.0 ended on engine pid=26043,rank=0,slot=1
Auto thread command 4983 1505.0.0 (w=0.0 aw=0.0 lp=0 grd=0) started on engine pid=26043,rank=0,slot=1
command 4937 1485.0.0 ended on engine pid=26031,rank=1,slot=0
Auto thread command 4951 1491.0.0 (w=0.0 aw=0.0 lp=0 grd=0) started on engine pid=26031,rank=1,slot=0
command 4983 1505.0.0 ended on engine pid=26043,rank=0,slot=1
Auto thread command 0 0 (w=0.0 aw=0.0 lp=0 grd=0) started on engine pid=26043,rank=0,slot=1
command 0 0 ended on engine pid=26043,rank=0,slot=1
command 4951 1491.0.0 ended on engine pid=26031,rank=1,slot=0
Auto thread command 0 0 (w=0.0 aw=0.0 lp=0 grd=0) started on engine pid=26031,rank=1,slot=0
Auto thread command 5094 1548.0.0 (w=0.0 aw=0.0 lp=0 grd=0) started on engine pid=26043,rank=0,slot=1
command 0 0 ended on engine pid=26031,rank=1,slot=0
[4.000437s] usr=0.03s, sys=0.07s
command 5094 1548.0.0 ended on engine pid=26043,rank=0,slot=1
Auto thread command 5165 1568.0.0 (w=0.0 aw=0.0 lp=0 grd=0) started on engine pid=26043,rank=0,slot=1
command 5165 1568.0.0 ended on engine pid=26043,rank=0,slot=1
Auto thread command 5420 1658.0.0 (w=0.0 aw=0.0 lp=0 grd=0) started on engine pid=26031,rank=1,slot=0
Auto thread command 5509 1685.0.0 (w=0.0 aw=0.0 lp=0 grd=0) started on engine pid=26043,rank=0,slot=1
command 5509 1685.0.0 ended on engine pid=26043,rank=0,slot=1
Auto thread command 5313 1618.0.0 (w=0.0 aw=0.0 lp=0 grd=0) started on engine pid=26043,rank=0,slot=1
command 5420 1658.0.0 ended on engine pid=26031,rank=1,slot=0
Auto thread command 0 0 (w=0.0 aw=0.0 lp=0 grd=0) started on engine pid=26031,rank=1,slot=0
command 0 0 ended on engine pid=26031,rank=1,slot=0
command 5313 1618.0.0 ended on engine pid=26043,rank=0,slot=1
Auto thread command 5544 1695.0.0 (w=0.0 aw=0.0 lp=0 grd=0) started on engine pid=26043,rank=0,slot=1
command 5544 1695.0.0 ended on engine pid=26043,rank=0,slot=1
Auto thread command 14755 4199.0.0 (w=0.0 aw=0.0 lp=0 grd=0) started on engine pid=26043,rank=0,slot=1
Auto thread command 14738 4193.0.0 (w=0.0 aw=0.0 lp=0 grd=0) started on engine pid=26031,rank=1,slot=0
command 14755 4199.0.0 ended on engine pid=26043,rank=0,slot=1
Auto thread command 14691 4180.0.0 (w=0.0 aw=0.0 lp=0 grd=0) started on engine pid=26043,rank=0,slot=1
command 14691 4180.0.0 ended on engine pid=26043,rank=0,slot=1
Auto thread command 5769 1752.0.0 (w=0.0 aw=0.0 lp=0 grd=0) started on engine pid=26043,rank=0,slot=1
command 14738 4193.0.0 ended on engine pid=26031,rank=1,slot=0
Auto thread command 5567 1701.0.0 (w=0.0 aw=0.0 lp=0 grd=0) started on engine pid=26031,rank=1,slot=0
command 5567 1701.0.0 ended on engine pid=26031,rank=1,slot=0
Auto thread command 5834 1776.0.0 (w=0.0 aw=0.0 lp=0 grd=0) started on engine pid=26031,rank=1,slot=0
command 5834 1776.0.0 ended on engine pid=26031,rank=1,slot=0
Auto thread command 6183 1873.0.0 (w=0.0 aw=0.0 lp=0 grd=0) started on engine pid=26031,rank=1,slot=0
[5.001008s] usr=0.03s, sys=0.07s
command 5769 1752.0.0 ended on engine pid=26043,rank=0,slot=1
Auto thread command 5876 1794.0.0 (w=0.0 aw=0.0 lp=0 grd=0) started on engine pid=26043,rank=0,slot=1
command 5876 1794.0.0 ended on engine pid=26043,rank=0,slot=1
Auto thread command 5856 1785.0.0 (w=0.0 aw=0.0 lp=0 grd=0) started on engine pid=26043,rank=0,slot=1
command 5856 1785.0.0 ended on engine pid=26043,rank=0,slot=1
Auto thread command 5581 1707.0.0 (w=0.0 aw=0.0 lp=0 grd=0) started on engine pid=26043,rank=0,slot=1
command 5581 1707.0.0 ended on engine pid=26043,rank=0,slot=1
Auto thread command 5574 1704.0.0 (w=0.0 aw=0.0 lp=0 grd=0) started on engine pid=26043,rank=0,slot=1
command 5574 1704.0.0 ended on engine pid=26043,rank=0,slot=1
Auto thread command 0 0 (w=0.0 aw=0.0 lp=0 grd=0) started on engine pid=26043,rank=0,slot=1
command 0 0 ended on engine pid=26043,rank=0,slot=1
command 6183 1873.0.0 ended on engine pid=26031,rank=1,slot=0
Auto thread command 6186 1874.0.0 (w=0.0 aw=0.0 lp=0 grd=0) started on engine pid=26043,rank=0,slot=1
Auto thread command 0 0 (w=0.0 aw=0.0 lp=0 grd=0) started on engine pid=26031,rank=1,slot=0
command 0 0 ended on engine pid=26031,rank=1,slot=0
command 6186 1874.0.0 ended on engine pid=26043,rank=0,slot=1
Auto thread command 15002 4270.0.0 (w=0.0 aw=0.0 lp=0 grd=0) started on engine pid=26043,rank=0,slot=1
Auto thread command 15002 4270.0.0 (w=0.0 aw=0.0 lp=0 grd=0) started on engine pid=26031,rank=1,slot=0
command 15002 4270.0.0 ended on engine pid=26031,rank=1,slot=0
command 15002 4270.0.0 ended on engine pid=26043,rank=0,slot=1
Auto thread command 15003 4271.0.0 (w=0.0 aw=0.0 lp=0 grd=0) started on engine pid=26043,rank=0,slot=1
command 15003 4271.0.0 ended on engine pid=26043,rank=0,slot=1
Auto thread command 15005 4272.0.0 (w=0.0 aw=0.0 lp=0 grd=0) started on engine pid=26043,rank=0,slot=1
Auto thread command 15005 4272.0.0 (w=0.0 aw=0.0 lp=0 grd=0) started on engine pid=26031,rank=1,slot=0
command 15005 4272.0.0 ended on engine pid=26031,rank=1,slot=0
Reported thread stats of engine 1, 0 to dp memory manager
[6.001078s] usr=0.03s, sys=0.07s
command 15005 4272.0.0 ended on engine pid=26043,rank=0,slot=1
Auto thread command 26 10.0 (w=0.0 aw=0.0 lp=0 grd=0) started on engine pid=26031,rank=1,slot=0
Auto thread command 26 10.0 (w=0.0 aw=0.0 lp=0 grd=0) started on engine pid=26043,rank=0,slot=1
  Descriptor 24 hang up
Removing fd 24 from connection catalog
Closing socket 24
  Descriptor 21 hang up
Removing fd 21 from connection catalog
Closing socket 21
  Descriptor 20 hang up
Cannot identify connection with fd 20. No engine to shutdown.
Closing socket 20
  Descriptor 23 hang up
Cannot identify connection with fd 23. No engine to shutdown.
Closing socket 23
Received msg 66 from parent process.
JudicatorDaemon terminated.
Closing socket 18
Closing socket 19
[JudicatorDaemon] exits
