
                                  StarRC (TM)

               Version S-2021.06-SP3 for linux64 - Oct 12, 2021 

                    Copyright (c) 1999 - 2021 Synopsys, Inc.
   This software and the associated documentation are proprietary to Synopsys,
 Inc. This software may only be used in accordance with the terms and conditions
 of a written license agreement with Synopsys, Inc. All other use, reproduction,
   or distribution of this software is strictly prohibited.  Licensed Products
     communicate with Synopsys servers for the purpose of providing software
    updates, detecting software piracy and verifying that customers are using
    Licensed Products in conformity with the applicable License Key for such
  Licensed Products. Synopsys will use information gathered in connection with
    this process to deliver software updates and pursue software pirates and
                                   infringers.

 Inclusivity & Diversity - Visit SolvNetPlus to read the "Synopsys Statement on
            Inclusivity and Diversity" (Refer to article 000036315 at
                        https://solvnetplus.synopsys.com)

ExecName: /mnt/apps/public/COE/synopsys_apps/starrc/S-2021.06-SP3/linux64_starrc/bin/StarXtract
Version: S-2021.06-SP3
Built on: Oct 12 2021 20:30:33
Start Time: Thu Apr 21 06:36:27 2022

Host ............ grendel28.ece.ncsu.edu

xTractorName: /mnt/apps/public/COE/synopsys_apps/starrc/S-2021.06-SP3/linux64_starrc/bin/xTractor
Version: S-2021.06-SP3
Built on: Oct 12 2021 20:30:21
WARNING: ICV COMPARE option MEMORY_ARRAY_COMPARISON is not supported for XREF extractions. (SX-2192)
WARNING: ICV COMPARE option MEMORY_ARRAY_COMPARISON is not supported for XREF extractions. (SX-2192)

Block ........... top_level
Star Directory ..
 /afs/unity.ncsu.edu/users/s/ssjoseph/ECE546/PROJECT/ece546project/synopsys_custom/top_level.starrc.lpe/star

WARNING: DENSITY_BASED_THICKNESS: YES is ignored since there is no thickness variation modeling. (SX-0685)
WARNING: NETLIST_FORMAT: OA does not support HIERARCHICAL_SEPARATOR: / or HIERARCHICAL_SEPARATOR: .,
         changing it to |. (SX-0655)
WARNING: NETLIST_FORMAT: OA does not support HIERARCHICAL_SEPARATOR: / or HIERARCHICAL_SEPARATOR: .,
         changing it to |. (SX-0655)
WARNING: NETLIST_FORMAT: OA does not support HIERARCHICAL_SEPARATOR: / or HIERARCHICAL_SEPARATOR: .,
         changing it to |. (SX-0655)
  Setup         Elp=00:00:03 Cpu=00:00:02 Usr=2.0    Sys=0.0    Mem=460.1 
Done

Map Layers:  Thu Apr 21 06:36:30 2022
WARNING: MOS gate and diffusion layers are co-vertical to each other or to a third layer like field
         poly. Check your process cross-section and see if the nxtgrd file is correct. (SX-1848)
  Warnings: 1    Errors: 0    (See file summary/layers.sum)
  Layers        Elp=00:00:01 Cpu=00:00:00 Usr=0.0    Sys=0.0    Mem=460.1 
Done

Create Models:  Thu Apr 21 06:36:31 2022
  Warnings: 0    Errors: 0
  Models        Elp=00:00:00 Cpu=00:00:00 Usr=0.0    Sys=0.0    Mem=460.1 
Done

Build HN:  Thu Apr 21 06:36:33 2022
  Warnings: 0    Errors: 0
  HN            Elp=00:00:00 Cpu=00:00:00 Usr=0.0    Sys=0.0    Mem=460.1 
Done

Build XrefHN:  Thu Apr 21 06:36:34 2022
  Warnings: 0    Errors: 0
  XrefHN        Elp=00:00:00 Cpu=00:00:00 Usr=0.0    Sys=0.0    Mem=412.7 
Done

Process Cells:  Thu Apr 21 06:36:34 2022
WARNING: DANGLING_NET '126' is removed from netlist. (SX-0726)
WARNING: DANGLING_NET '127' is removed from netlist. (SX-0726)
WARNING: DANGLING_NET '128' is removed from netlist. (SX-0726)
WARNING: DANGLING_NET '129' is removed from netlist. (SX-0726)
WARNING: DANGLING_NET '130' is removed from netlist. (SX-0726)
WARNING: DANGLING_NET '131' is removed from netlist. (SX-0726)
WARNING: DANGLING_NET '132' is removed from netlist. (SX-0726)
WARNING: DANGLING_NET '133' is removed from netlist. (SX-0726)
WARNING: DANGLING_NET '134' is removed from netlist. (SX-0726)
WARNING: DANGLING_NET '135' is removed from netlist. (SX-0726)
WARNING: DANGLING_NET '136' is removed from netlist. (SX-0726)
WARNING: DANGLING_NET '137' is removed from netlist. (SX-0726)
WARNING: DANGLING_NET '138' is removed from netlist. (SX-0726)
WARNING: DANGLING_NET '158' is removed from netlist. (SX-0726)
WARNING: DANGLING_NET '159' is removed from netlist. (SX-0726)
WARNING: DANGLING_NET '160' is removed from netlist. (SX-0726)
WARNING: DANGLING_NET '161' is removed from netlist. (SX-0726)
WARNING: DANGLING_NET '162' is removed from netlist. (SX-0726)
WARNING: DANGLING_NET '163' is removed from netlist. (SX-0726)
WARNING: DANGLING_NET '164' is removed from netlist. (SX-0726)
WARNING: DANGLING_NET '165' is removed from netlist. (SX-0726)
WARNING: DANGLING_NET '166' is removed from netlist. (SX-0726)
WARNING: DANGLING_NET '167' is removed from netlist. (SX-0726)
WARNING: DANGLING_NET '168' is removed from netlist. (SX-0726)
WARNING: DANGLING_NET '169' is removed from netlist. (SX-0726)
WARNING: DANGLING_NET 'X5CBBD88253/X5CBBD882342/X5CBBD882407_1/_GENERATED_7' is removed from
         netlist. (SX-0726)
WARNING: DANGLING_NET 'X5CBBD88253/X5CBBD882342/X5CBBD882407_2/_GENERATED_7' is removed from
         netlist. (SX-0726)
WARNING: DANGLING_NET 'X5CBBD88253/X5CBBD882342/X5CBBD882409_1/_GENERATED_7' is removed from
         netlist. (SX-0726)
WARNING: DANGLING_NET 'X5CBBD88253/X5CBBD882342/X5CBBD882409_2/_GENERATED_7' is removed from
         netlist. (SX-0726)
WARNING: DANGLING_NET 'X5CBBD88253/X5CBBD882343/X5CBBD882407_1/_GENERATED_7' is removed from
         netlist. (SX-0726)
WARNING: DANGLING_NET 'X5CBBD88253/X5CBBD882343/X5CBBD882407_2/_GENERATED_7' is removed from
         netlist. (SX-0726)
WARNING: DANGLING_NET 'X5CBBD88253/X5CBBD882343/X5CBBD882409_1/_GENERATED_7' is removed from
         netlist. (SX-0726)
WARNING: DANGLING_NET 'X5CBBD88253/X5CBBD882343/X5CBBD882409_2/_GENERATED_7' is removed from
         netlist. (SX-0726)
WARNING: DANGLING_NET 'X5CBBD88253/X5CBBD882344/X5CBBD882407_1/_GENERATED_7' is removed from
         netlist. (SX-0726)
WARNING: DANGLING_NET 'X5CBBD88253/X5CBBD882344/X5CBBD882407_2/_GENERATED_7' is removed from
         netlist. (SX-0726)
WARNING: DANGLING_NET 'X5CBBD88253/X5CBBD882344/X5CBBD882409_1/_GENERATED_7' is removed from
         netlist. (SX-0726)
WARNING: DANGLING_NET 'X5CBBD88253/X5CBBD882344/X5CBBD882409_2/_GENERATED_7' is removed from
         netlist. (SX-0726)
WARNING: DANGLING_NET 'X5CBBD88253/X5CBBD882345/X5CBBD882407_1/_GENERATED_7' is removed from
         netlist. (SX-0726)
WARNING: DANGLING_NET 'X5CBBD88253/X5CBBD882345/X5CBBD882407_2/_GENERATED_7' is removed from
         netlist. (SX-0726)
WARNING: DANGLING_NET 'X5CBBD88253/X5CBBD882345/X5CBBD882409_1/_GENERATED_7' is removed from
         netlist. (SX-0726)
WARNING: DANGLING_NET 'X5CBBD88253/X5CBBD882345/X5CBBD882409_2/_GENERATED_7' is removed from
         netlist. (SX-0726)
WARNING: DANGLING_NET 'X5CBBD88255/X5CBBD882179/X5CBBD882459/X5CBBD882416/_GENERATED_11' is removed
         from netlist. (SX-0726)
WARNING: DANGLING_NET 'X5CBBD88255/X5CBBD882179/X5CBBD882459/X5CBBD882416/_GENERATED_12' is removed
         from netlist. (SX-0726)
WARNING: DANGLING_NET 'X5CBBD88255/X5CBBD882179/X5CBBD882459/X5CBBD882417/_GENERATED_11' is removed
         from netlist. (SX-0726)
WARNING: DANGLING_NET 'X5CBBD88255/X5CBBD882179/X5CBBD882459/X5CBBD882417/_GENERATED_12' is removed
         from netlist. (SX-0726)
WARNING: DANGLING_NET 'X5CBBD88255/X5CBBD882179/X5CBBD882459/X5CBBD882418/_GENERATED_11' is removed
         from netlist. (SX-0726)
WARNING: DANGLING_NET 'X5CBBD88255/X5CBBD882179/X5CBBD882459/X5CBBD882418/_GENERATED_12' is removed
         from netlist. (SX-0726)
WARNING: DANGLING_NET 'X5CBBD88255/X5CBBD882179/X5CBBD882459/X5CBBD882419/_GENERATED_11' is removed
         from netlist. (SX-0726)
WARNING: DANGLING_NET 'X5CBBD88255/X5CBBD882179/X5CBBD882459/X5CBBD882419/_GENERATED_12' is removed
         from netlist. (SX-0726)
WARNING: DANGLING_NET 'X5CBBD88255/X5CBBD882179/X5CBBD882459/X5CBBD882423/_GENERATED_11' is removed
         from netlist. (SX-0726)
WARNING: DANGLING_NET 'X5CBBD88255/X5CBBD882179/X5CBBD882459/X5CBBD882423/_GENERATED_12' is removed
         from netlist. (SX-0726)
WARNING: DANGLING_NET 'X5CBBD88255/X5CBBD882179/X5CBBD882459/X5CBBD882424/_GENERATED_11' is removed
         from netlist. (SX-0726)
WARNING: DANGLING_NET 'X5CBBD88255/X5CBBD882179/X5CBBD882459/X5CBBD882424/_GENERATED_12' is removed
         from netlist. (SX-0726)
WARNING: DANGLING_NET 'X5CBBD88255/X5CBBD882179/X5CBBD882459/X5CBBD882425/_GENERATED_11' is removed
         from netlist. (SX-0726)
WARNING: DANGLING_NET 'X5CBBD88255/X5CBBD882179/X5CBBD882459/X5CBBD882425/_GENERATED_12' is removed
         from netlist. (SX-0726)
WARNING: DANGLING_NET 'X5CBBD88255/X5CBBD882179/X5CBBD882459/X5CBBD882426/_GENERATED_11' is removed
         from netlist. (SX-0726)
WARNING: DANGLING_NET 'X5CBBD88255/X5CBBD882179/X5CBBD882459/X5CBBD882426/_GENERATED_12' is removed
         from netlist. (SX-0726)
WARNING: DANGLING_NET 'X5CBBD88255/X5CBBD882179/X5CBBD882460/X5CBBD882416/_GENERATED_11' is removed
         from netlist. (SX-0726)
WARNING: DANGLING_NET 'X5CBBD88255/X5CBBD882179/X5CBBD882460/X5CBBD882416/_GENERATED_12' is removed
         from netlist. (SX-0726)
WARNING: DANGLING_NET 'X5CBBD88255/X5CBBD882179/X5CBBD882460/X5CBBD882417/_GENERATED_11' is removed
         from netlist. (SX-0726)
WARNING: DANGLING_NET 'X5CBBD88255/X5CBBD882179/X5CBBD882460/X5CBBD882417/_GENERATED_12' is removed
         from netlist. (SX-0726)
WARNING: DANGLING_NET 'X5CBBD88255/X5CBBD882179/X5CBBD882460/X5CBBD882418/_GENERATED_11' is removed
         from netlist. (SX-0726)
WARNING: DANGLING_NET 'X5CBBD88255/X5CBBD882179/X5CBBD882460/X5CBBD882418/_GENERATED_12' is removed
         from netlist. (SX-0726)
WARNING: DANGLING_NET 'X5CBBD88255/X5CBBD882179/X5CBBD882460/X5CBBD882419/_GENERATED_11' is removed
         from netlist. (SX-0726)
WARNING: DANGLING_NET 'X5CBBD88255/X5CBBD882179/X5CBBD882460/X5CBBD882419/_GENERATED_12' is removed
         from netlist. (SX-0726)
WARNING: DANGLING_NET 'X5CBBD88255/X5CBBD882179/X5CBBD882460/X5CBBD882423/_GENERATED_11' is removed
         from netlist. (SX-0726)
WARNING: DANGLING_NET 'X5CBBD88255/X5CBBD882179/X5CBBD882460/X5CBBD882423/_GENERATED_12' is removed
         from netlist. (SX-0726)
WARNING: DANGLING_NET 'X5CBBD88255/X5CBBD882179/X5CBBD882460/X5CBBD882424/_GENERATED_11' is removed
         from netlist. (SX-0726)
WARNING: DANGLING_NET 'X5CBBD88255/X5CBBD882179/X5CBBD882460/X5CBBD882424/_GENERATED_12' is removed
         from netlist. (SX-0726)
WARNING: DANGLING_NET 'X5CBBD88255/X5CBBD882179/X5CBBD882460/X5CBBD882425/_GENERATED_11' is removed
         from netlist. (SX-0726)
WARNING: DANGLING_NET 'X5CBBD88255/X5CBBD882179/X5CBBD882460/X5CBBD882425/_GENERATED_12' is removed
         from netlist. (SX-0726)
WARNING: DANGLING_NET 'X5CBBD88255/X5CBBD882179/X5CBBD882460/X5CBBD882426/_GENERATED_11' is removed
         from netlist. (SX-0726)
WARNING: DANGLING_NET 'X5CBBD88255/X5CBBD882179/X5CBBD882460/X5CBBD882426/_GENERATED_12' is removed
         from netlist. (SX-0726)
WARNING: DANGLING_NET 'X5CBBD88255/X5CBBD882180/X5CBBD882459/X5CBBD882416/_GENERATED_11' is removed
         from netlist. (SX-0726)
WARNING: DANGLING_NET 'X5CBBD88255/X5CBBD882180/X5CBBD882459/X5CBBD882416/_GENERATED_12' is removed
         from netlist. (SX-0726)
WARNING: DANGLING_NET 'X5CBBD88255/X5CBBD882180/X5CBBD882459/X5CBBD882417/_GENERATED_11' is removed
         from netlist. (SX-0726)
WARNING: DANGLING_NET 'X5CBBD88255/X5CBBD882180/X5CBBD882459/X5CBBD882417/_GENERATED_12' is removed
         from netlist. (SX-0726)
WARNING: DANGLING_NET 'X5CBBD88255/X5CBBD882180/X5CBBD882459/X5CBBD882418/_GENERATED_11' is removed
         from netlist. (SX-0726)
WARNING: DANGLING_NET 'X5CBBD88255/X5CBBD882180/X5CBBD882459/X5CBBD882418/_GENERATED_12' is removed
         from netlist. (SX-0726)
WARNING: DANGLING_NET 'X5CBBD88255/X5CBBD882180/X5CBBD882459/X5CBBD882419/_GENERATED_11' is removed
         from netlist. (SX-0726)
WARNING: DANGLING_NET 'X5CBBD88255/X5CBBD882180/X5CBBD882459/X5CBBD882419/_GENERATED_12' is removed
         from netlist. (SX-0726)
WARNING: DANGLING_NET 'X5CBBD88255/X5CBBD882180/X5CBBD882459/X5CBBD882423/_GENERATED_11' is removed
         from netlist. (SX-0726)
WARNING: DANGLING_NET 'X5CBBD88255/X5CBBD882180/X5CBBD882459/X5CBBD882423/_GENERATED_12' is removed
         from netlist. (SX-0726)
WARNING: DANGLING_NET 'X5CBBD88255/X5CBBD882180/X5CBBD882459/X5CBBD882424/_GENERATED_11' is removed
         from netlist. (SX-0726)
WARNING: DANGLING_NET 'X5CBBD88255/X5CBBD882180/X5CBBD882459/X5CBBD882424/_GENERATED_12' is removed
         from netlist. (SX-0726)
WARNING: DANGLING_NET 'X5CBBD88255/X5CBBD882180/X5CBBD882459/X5CBBD882425/_GENERATED_11' is removed
         from netlist. (SX-0726)
WARNING: DANGLING_NET 'X5CBBD88255/X5CBBD882180/X5CBBD882459/X5CBBD882425/_GENERATED_12' is removed
         from netlist. (SX-0726)
WARNING: DANGLING_NET 'X5CBBD88255/X5CBBD882180/X5CBBD882459/X5CBBD882426/_GENERATED_11' is removed
         from netlist. (SX-0726)
WARNING: DANGLING_NET 'X5CBBD88255/X5CBBD882180/X5CBBD882459/X5CBBD882426/_GENERATED_12' is removed
         from netlist. (SX-0726)
WARNING: DANGLING_NET 'X5CBBD88255/X5CBBD882180/X5CBBD882460/X5CBBD882416/_GENERATED_11' is removed
         from netlist. (SX-0726)
WARNING: DANGLING_NET 'X5CBBD88255/X5CBBD882180/X5CBBD882460/X5CBBD882416/_GENERATED_12' is removed
         from netlist. (SX-0726)
WARNING: DANGLING_NET 'X5CBBD88255/X5CBBD882180/X5CBBD882460/X5CBBD882417/_GENERATED_11' is removed
         from netlist. (SX-0726)
WARNING: DANGLING_NET 'X5CBBD88255/X5CBBD882180/X5CBBD882460/X5CBBD882417/_GENERATED_12' is removed
         from netlist. (SX-0726)
WARNING: DANGLING_NET 'X5CBBD88255/X5CBBD882180/X5CBBD882460/X5CBBD882418/_GENERATED_11' is removed
         from netlist. (SX-0726)
WARNING: DANGLING_NET 'X5CBBD88255/X5CBBD882180/X5CBBD882460/X5CBBD882418/_GENERATED_12' is removed
         from netlist. (SX-0726)
WARNING: DANGLING_NET 'X5CBBD88255/X5CBBD882180/X5CBBD882460/X5CBBD882419/_GENERATED_11' is removed
         from netlist. (SX-0726)
WARNING: DANGLING_NET 'X5CBBD88255/X5CBBD882180/X5CBBD882460/X5CBBD882419/_GENERATED_12' is removed
         from netlist. (SX-0726)
WARNING: DANGLING_NET 'X5CBBD88255/X5CBBD882180/X5CBBD882460/X5CBBD882423/_GENERATED_11' is removed
         from netlist. (SX-0726)
WARNING: DANGLING_NET 'X5CBBD88255/X5CBBD882180/X5CBBD882460/X5CBBD882423/_GENERATED_12' is removed
         from netlist. (SX-0726)
WARNING: DANGLING_NET 'X5CBBD88255/X5CBBD882180/X5CBBD882460/X5CBBD882424/_GENERATED_11' is removed
         from netlist. (SX-0726)
Suppression: Message (SX-0726) suppressed beyond 100 times
WARNING: Removed 425 FLOATING_NETS from the netlist (see cells.sum/translate.sum). (SX-0727)
WARNING: Duplicated property: 7 M5 (SX-2044)
WARNING: Duplicated property: 7 M6 (SX-2044)
WARNING: Duplicated property: 7 M7 (SX-2044)
WARNING: Duplicated property: 7 M8 (SX-2044)
WARNING: Duplicated property: 7 M187 (SX-2044)
WARNING: Duplicated property: 7 M188 (SX-2044)
WARNING: Duplicated property: 7 M189 (SX-2044)
WARNING: Duplicated property: 7 M190 (SX-2044)
WARNING: Duplicated property: 7 M191 (SX-2044)
WARNING: Duplicated property: 7 M192 (SX-2044)
WARNING: Duplicated property: 7 M193 (SX-2044)
WARNING: Duplicated property: 7 M194 (SX-2044)
WARNING: Duplicated property: 7 M195 (SX-2044)
WARNING: Duplicated property: 7 M196 (SX-2044)
WARNING: Duplicated property: 7 M197 (SX-2044)
WARNING: Duplicated property: 7 M198 (SX-2044)
WARNING: Duplicated property: 7 M204 (SX-2044)
WARNING: Duplicated property: 7 M205 (SX-2044)
WARNING: Duplicated property: 7 M206 (SX-2044)
WARNING: Duplicated property: 7 M207 (SX-2044)
WARNING: Duplicated property: 7 M208 (SX-2044)
WARNING: Duplicated property: 7 M209 (SX-2044)
WARNING: Duplicated property: 7 M210 (SX-2044)
WARNING: Duplicated property: 7 M211 (SX-2044)
WARNING: Duplicated property: 7 M212 (SX-2044)
WARNING: Duplicated property: 7 M213 (SX-2044)
WARNING: Duplicated property: 7 M214 (SX-2044)
WARNING: Duplicated property: 7 M215 (SX-2044)
WARNING: Duplicated property: 7 M221 (SX-2044)
WARNING: Duplicated property: 7 M222 (SX-2044)
WARNING: Duplicated property: 7 M223 (SX-2044)
WARNING: Duplicated property: 7 M224 (SX-2044)
WARNING: Duplicated property: 7 M225 (SX-2044)
WARNING: Duplicated property: 7 M226 (SX-2044)
WARNING: Duplicated property: 7 M227 (SX-2044)
WARNING: Duplicated property: 7 M228 (SX-2044)
WARNING: Duplicated property: 7 M229 (SX-2044)
WARNING: Duplicated property: 7 M230 (SX-2044)
WARNING: Duplicated property: 7 M231 (SX-2044)
WARNING: Duplicated property: 7 M232 (SX-2044)
WARNING: Duplicated property: 7 M237 (SX-2044)
WARNING: Duplicated property: 7 M238 (SX-2044)
WARNING: Duplicated property: 7 M239 (SX-2044)
WARNING: Duplicated property: 7 M240 (SX-2044)
WARNING: Duplicated property: 7 M241 (SX-2044)
WARNING: Duplicated property: 7 M242 (SX-2044)
WARNING: Duplicated property: 7 M243 (SX-2044)
WARNING: Duplicated property: 7 M244 (SX-2044)
WARNING: Duplicated property: 7 M245 (SX-2044)
WARNING: Duplicated property: 7 M246 (SX-2044)
WARNING: Duplicated property: 7 M247 (SX-2044)
WARNING: Duplicated property: 7 M248 (SX-2044)
WARNING: Duplicated property: 7 M199 (SX-2044)
WARNING: Duplicated property: 7 M200 (SX-2044)
WARNING: Duplicated property: 7 M201 (SX-2044)
WARNING: Duplicated property: 7 M202 (SX-2044)
WARNING: Duplicated property: 7 M203 (SX-2044)
WARNING: Duplicated property: 7 M216 (SX-2044)
WARNING: Duplicated property: 7 M217 (SX-2044)
WARNING: Duplicated property: 7 M218 (SX-2044)
WARNING: Duplicated property: 7 M219 (SX-2044)
WARNING: Duplicated property: 7 M220 (SX-2044)
WARNING: Duplicated property: 7 M233 (SX-2044)
WARNING: Duplicated property: 7 M234 (SX-2044)
WARNING: Duplicated property: 7 M235 (SX-2044)
WARNING: Duplicated property: 7 M236 (SX-2044)
WARNING: Duplicated property: 7 M249 (SX-2044)
WARNING: Duplicated property: 7 M250 (SX-2044)
WARNING: Duplicated property: 7 M251 (SX-2044)
WARNING: Duplicated property: 7 M252 (SX-2044)
  Warnings: 171    Errors: 0    (See file summary/cells.sum)
  Cells         Elp=00:00:00 Cpu=00:00:00 Usr=0.0    Sys=0.1    Mem=460.6 
Done

Translate DB:  Thu Apr 21 06:36:34 2022
WARNING: DANGLING_NET '126' is removed from netlist. (SX-0726)
WARNING: DANGLING_NET '127' is removed from netlist. (SX-0726)
WARNING: DANGLING_NET '128' is removed from netlist. (SX-0726)
WARNING: DANGLING_NET '129' is removed from netlist. (SX-0726)
WARNING: DANGLING_NET '130' is removed from netlist. (SX-0726)
WARNING: DANGLING_NET '131' is removed from netlist. (SX-0726)
WARNING: DANGLING_NET '132' is removed from netlist. (SX-0726)
WARNING: DANGLING_NET '133' is removed from netlist. (SX-0726)
WARNING: DANGLING_NET '134' is removed from netlist. (SX-0726)
WARNING: DANGLING_NET '135' is removed from netlist. (SX-0726)
WARNING: DANGLING_NET '136' is removed from netlist. (SX-0726)
WARNING: DANGLING_NET '137' is removed from netlist. (SX-0726)
WARNING: DANGLING_NET '138' is removed from netlist. (SX-0726)
WARNING: DANGLING_NET '158' is removed from netlist. (SX-0726)
WARNING: DANGLING_NET '159' is removed from netlist. (SX-0726)
WARNING: DANGLING_NET '160' is removed from netlist. (SX-0726)
WARNING: DANGLING_NET '161' is removed from netlist. (SX-0726)
WARNING: DANGLING_NET '162' is removed from netlist. (SX-0726)
WARNING: DANGLING_NET '163' is removed from netlist. (SX-0726)
WARNING: DANGLING_NET '164' is removed from netlist. (SX-0726)
WARNING: DANGLING_NET '165' is removed from netlist. (SX-0726)
WARNING: DANGLING_NET '166' is removed from netlist. (SX-0726)
WARNING: DANGLING_NET '167' is removed from netlist. (SX-0726)
WARNING: DANGLING_NET '168' is removed from netlist. (SX-0726)
WARNING: DANGLING_NET '169' is removed from netlist. (SX-0726)
WARNING: DANGLING_NET 'X5CBBD88253/X5CBBD882342/X5CBBD882407_1/_GENERATED_7' is removed from
         netlist. (SX-0726)
WARNING: DANGLING_NET 'X5CBBD88253/X5CBBD882342/X5CBBD882407_2/_GENERATED_7' is removed from
         netlist. (SX-0726)
WARNING: DANGLING_NET 'X5CBBD88253/X5CBBD882342/X5CBBD882409_1/_GENERATED_7' is removed from
         netlist. (SX-0726)
WARNING: DANGLING_NET 'X5CBBD88253/X5CBBD882342/X5CBBD882409_2/_GENERATED_7' is removed from
         netlist. (SX-0726)
WARNING: DANGLING_NET 'X5CBBD88253/X5CBBD882343/X5CBBD882407_1/_GENERATED_7' is removed from
         netlist. (SX-0726)
WARNING: DANGLING_NET 'X5CBBD88253/X5CBBD882343/X5CBBD882407_2/_GENERATED_7' is removed from
         netlist. (SX-0726)
WARNING: DANGLING_NET 'X5CBBD88253/X5CBBD882343/X5CBBD882409_1/_GENERATED_7' is removed from
         netlist. (SX-0726)
WARNING: DANGLING_NET 'X5CBBD88253/X5CBBD882343/X5CBBD882409_2/_GENERATED_7' is removed from
         netlist. (SX-0726)
WARNING: DANGLING_NET 'X5CBBD88253/X5CBBD882344/X5CBBD882407_1/_GENERATED_7' is removed from
         netlist. (SX-0726)
WARNING: DANGLING_NET 'X5CBBD88253/X5CBBD882344/X5CBBD882407_2/_GENERATED_7' is removed from
         netlist. (SX-0726)
WARNING: DANGLING_NET 'X5CBBD88253/X5CBBD882344/X5CBBD882409_1/_GENERATED_7' is removed from
         netlist. (SX-0726)
WARNING: DANGLING_NET 'X5CBBD88253/X5CBBD882344/X5CBBD882409_2/_GENERATED_7' is removed from
         netlist. (SX-0726)
WARNING: DANGLING_NET 'X5CBBD88253/X5CBBD882345/X5CBBD882407_1/_GENERATED_7' is removed from
         netlist. (SX-0726)
WARNING: DANGLING_NET 'X5CBBD88253/X5CBBD882345/X5CBBD882407_2/_GENERATED_7' is removed from
         netlist. (SX-0726)
WARNING: DANGLING_NET 'X5CBBD88253/X5CBBD882345/X5CBBD882409_1/_GENERATED_7' is removed from
         netlist. (SX-0726)
WARNING: DANGLING_NET 'X5CBBD88253/X5CBBD882345/X5CBBD882409_2/_GENERATED_7' is removed from
         netlist. (SX-0726)
WARNING: DANGLING_NET 'X5CBBD88255/X5CBBD882179/X5CBBD882459/X5CBBD882416/_GENERATED_11' is removed
         from netlist. (SX-0726)
WARNING: DANGLING_NET 'X5CBBD88255/X5CBBD882179/X5CBBD882459/X5CBBD882416/_GENERATED_12' is removed
         from netlist. (SX-0726)
WARNING: DANGLING_NET 'X5CBBD88255/X5CBBD882179/X5CBBD882459/X5CBBD882417/_GENERATED_11' is removed
         from netlist. (SX-0726)
WARNING: DANGLING_NET 'X5CBBD88255/X5CBBD882179/X5CBBD882459/X5CBBD882417/_GENERATED_12' is removed
         from netlist. (SX-0726)
WARNING: DANGLING_NET 'X5CBBD88255/X5CBBD882179/X5CBBD882459/X5CBBD882418/_GENERATED_11' is removed
         from netlist. (SX-0726)
WARNING: DANGLING_NET 'X5CBBD88255/X5CBBD882179/X5CBBD882459/X5CBBD882418/_GENERATED_12' is removed
         from netlist. (SX-0726)
WARNING: DANGLING_NET 'X5CBBD88255/X5CBBD882179/X5CBBD882459/X5CBBD882419/_GENERATED_11' is removed
         from netlist. (SX-0726)
WARNING: DANGLING_NET 'X5CBBD88255/X5CBBD882179/X5CBBD882459/X5CBBD882419/_GENERATED_12' is removed
         from netlist. (SX-0726)
WARNING: DANGLING_NET 'X5CBBD88255/X5CBBD882179/X5CBBD882459/X5CBBD882423/_GENERATED_11' is removed
         from netlist. (SX-0726)
WARNING: DANGLING_NET 'X5CBBD88255/X5CBBD882179/X5CBBD882459/X5CBBD882423/_GENERATED_12' is removed
         from netlist. (SX-0726)
WARNING: DANGLING_NET 'X5CBBD88255/X5CBBD882179/X5CBBD882459/X5CBBD882424/_GENERATED_11' is removed
         from netlist. (SX-0726)
WARNING: DANGLING_NET 'X5CBBD88255/X5CBBD882179/X5CBBD882459/X5CBBD882424/_GENERATED_12' is removed
         from netlist. (SX-0726)
WARNING: DANGLING_NET 'X5CBBD88255/X5CBBD882179/X5CBBD882459/X5CBBD882425/_GENERATED_11' is removed
         from netlist. (SX-0726)
WARNING: DANGLING_NET 'X5CBBD88255/X5CBBD882179/X5CBBD882459/X5CBBD882425/_GENERATED_12' is removed
         from netlist. (SX-0726)
WARNING: DANGLING_NET 'X5CBBD88255/X5CBBD882179/X5CBBD882459/X5CBBD882426/_GENERATED_11' is removed
         from netlist. (SX-0726)
WARNING: DANGLING_NET 'X5CBBD88255/X5CBBD882179/X5CBBD882459/X5CBBD882426/_GENERATED_12' is removed
         from netlist. (SX-0726)
WARNING: DANGLING_NET 'X5CBBD88255/X5CBBD882179/X5CBBD882460/X5CBBD882416/_GENERATED_11' is removed
         from netlist. (SX-0726)
WARNING: DANGLING_NET 'X5CBBD88255/X5CBBD882179/X5CBBD882460/X5CBBD882416/_GENERATED_12' is removed
         from netlist. (SX-0726)
WARNING: DANGLING_NET 'X5CBBD88255/X5CBBD882179/X5CBBD882460/X5CBBD882417/_GENERATED_11' is removed
         from netlist. (SX-0726)
WARNING: DANGLING_NET 'X5CBBD88255/X5CBBD882179/X5CBBD882460/X5CBBD882417/_GENERATED_12' is removed
         from netlist. (SX-0726)
WARNING: DANGLING_NET 'X5CBBD88255/X5CBBD882179/X5CBBD882460/X5CBBD882418/_GENERATED_11' is removed
         from netlist. (SX-0726)
WARNING: DANGLING_NET 'X5CBBD88255/X5CBBD882179/X5CBBD882460/X5CBBD882418/_GENERATED_12' is removed
         from netlist. (SX-0726)
WARNING: DANGLING_NET 'X5CBBD88255/X5CBBD882179/X5CBBD882460/X5CBBD882419/_GENERATED_11' is removed
         from netlist. (SX-0726)
WARNING: DANGLING_NET 'X5CBBD88255/X5CBBD882179/X5CBBD882460/X5CBBD882419/_GENERATED_12' is removed
         from netlist. (SX-0726)
WARNING: DANGLING_NET 'X5CBBD88255/X5CBBD882179/X5CBBD882460/X5CBBD882423/_GENERATED_11' is removed
         from netlist. (SX-0726)
WARNING: DANGLING_NET 'X5CBBD88255/X5CBBD882179/X5CBBD882460/X5CBBD882423/_GENERATED_12' is removed
         from netlist. (SX-0726)
WARNING: DANGLING_NET 'X5CBBD88255/X5CBBD882179/X5CBBD882460/X5CBBD882424/_GENERATED_11' is removed
         from netlist. (SX-0726)
WARNING: DANGLING_NET 'X5CBBD88255/X5CBBD882179/X5CBBD882460/X5CBBD882424/_GENERATED_12' is removed
         from netlist. (SX-0726)
WARNING: DANGLING_NET 'X5CBBD88255/X5CBBD882179/X5CBBD882460/X5CBBD882425/_GENERATED_11' is removed
         from netlist. (SX-0726)
WARNING: DANGLING_NET 'X5CBBD88255/X5CBBD882179/X5CBBD882460/X5CBBD882425/_GENERATED_12' is removed
         from netlist. (SX-0726)
WARNING: DANGLING_NET 'X5CBBD88255/X5CBBD882179/X5CBBD882460/X5CBBD882426/_GENERATED_11' is removed
         from netlist. (SX-0726)
WARNING: DANGLING_NET 'X5CBBD88255/X5CBBD882179/X5CBBD882460/X5CBBD882426/_GENERATED_12' is removed
         from netlist. (SX-0726)
WARNING: DANGLING_NET 'X5CBBD88255/X5CBBD882180/X5CBBD882459/X5CBBD882416/_GENERATED_11' is removed
         from netlist. (SX-0726)
WARNING: DANGLING_NET 'X5CBBD88255/X5CBBD882180/X5CBBD882459/X5CBBD882416/_GENERATED_12' is removed
         from netlist. (SX-0726)
WARNING: DANGLING_NET 'X5CBBD88255/X5CBBD882180/X5CBBD882459/X5CBBD882417/_GENERATED_11' is removed
         from netlist. (SX-0726)
WARNING: DANGLING_NET 'X5CBBD88255/X5CBBD882180/X5CBBD882459/X5CBBD882417/_GENERATED_12' is removed
         from netlist. (SX-0726)
WARNING: DANGLING_NET 'X5CBBD88255/X5CBBD882180/X5CBBD882459/X5CBBD882418/_GENERATED_11' is removed
         from netlist. (SX-0726)
WARNING: DANGLING_NET 'X5CBBD88255/X5CBBD882180/X5CBBD882459/X5CBBD882418/_GENERATED_12' is removed
         from netlist. (SX-0726)
WARNING: DANGLING_NET 'X5CBBD88255/X5CBBD882180/X5CBBD882459/X5CBBD882419/_GENERATED_11' is removed
         from netlist. (SX-0726)
WARNING: DANGLING_NET 'X5CBBD88255/X5CBBD882180/X5CBBD882459/X5CBBD882419/_GENERATED_12' is removed
         from netlist. (SX-0726)
WARNING: DANGLING_NET 'X5CBBD88255/X5CBBD882180/X5CBBD882459/X5CBBD882423/_GENERATED_11' is removed
         from netlist. (SX-0726)
WARNING: DANGLING_NET 'X5CBBD88255/X5CBBD882180/X5CBBD882459/X5CBBD882423/_GENERATED_12' is removed
         from netlist. (SX-0726)
WARNING: DANGLING_NET 'X5CBBD88255/X5CBBD882180/X5CBBD882459/X5CBBD882424/_GENERATED_11' is removed
         from netlist. (SX-0726)
WARNING: DANGLING_NET 'X5CBBD88255/X5CBBD882180/X5CBBD882459/X5CBBD882424/_GENERATED_12' is removed
         from netlist. (SX-0726)
WARNING: DANGLING_NET 'X5CBBD88255/X5CBBD882180/X5CBBD882459/X5CBBD882425/_GENERATED_11' is removed
         from netlist. (SX-0726)
WARNING: DANGLING_NET 'X5CBBD88255/X5CBBD882180/X5CBBD882459/X5CBBD882425/_GENERATED_12' is removed
         from netlist. (SX-0726)
WARNING: DANGLING_NET 'X5CBBD88255/X5CBBD882180/X5CBBD882459/X5CBBD882426/_GENERATED_11' is removed
         from netlist. (SX-0726)
WARNING: DANGLING_NET 'X5CBBD88255/X5CBBD882180/X5CBBD882459/X5CBBD882426/_GENERATED_12' is removed
         from netlist. (SX-0726)
WARNING: DANGLING_NET 'X5CBBD88255/X5CBBD882180/X5CBBD882460/X5CBBD882416/_GENERATED_11' is removed
         from netlist. (SX-0726)
WARNING: DANGLING_NET 'X5CBBD88255/X5CBBD882180/X5CBBD882460/X5CBBD882416/_GENERATED_12' is removed
         from netlist. (SX-0726)
WARNING: DANGLING_NET 'X5CBBD88255/X5CBBD882180/X5CBBD882460/X5CBBD882417/_GENERATED_11' is removed
         from netlist. (SX-0726)
WARNING: DANGLING_NET 'X5CBBD88255/X5CBBD882180/X5CBBD882460/X5CBBD882417/_GENERATED_12' is removed
         from netlist. (SX-0726)
WARNING: DANGLING_NET 'X5CBBD88255/X5CBBD882180/X5CBBD882460/X5CBBD882418/_GENERATED_11' is removed
         from netlist. (SX-0726)
WARNING: DANGLING_NET 'X5CBBD88255/X5CBBD882180/X5CBBD882460/X5CBBD882418/_GENERATED_12' is removed
         from netlist. (SX-0726)
WARNING: DANGLING_NET 'X5CBBD88255/X5CBBD882180/X5CBBD882460/X5CBBD882419/_GENERATED_11' is removed
         from netlist. (SX-0726)
WARNING: DANGLING_NET 'X5CBBD88255/X5CBBD882180/X5CBBD882460/X5CBBD882419/_GENERATED_12' is removed
         from netlist. (SX-0726)
WARNING: DANGLING_NET 'X5CBBD88255/X5CBBD882180/X5CBBD882460/X5CBBD882423/_GENERATED_11' is removed
         from netlist. (SX-0726)
WARNING: DANGLING_NET 'X5CBBD88255/X5CBBD882180/X5CBBD882460/X5CBBD882423/_GENERATED_12' is removed
         from netlist. (SX-0726)
WARNING: DANGLING_NET 'X5CBBD88255/X5CBBD882180/X5CBBD882460/X5CBBD882424/_GENERATED_11' is removed
         from netlist. (SX-0726)
Suppression: Message (SX-0726) suppressed beyond 100 times
WARNING: Removed 425 FLOATING_NETS from the netlist (see cells.sum/translate.sum). (SX-0727)
  Warnings: 101    Errors: 0    (See file summary/translate.sum)
  Translate     Elp=00:00:01 Cpu=00:00:00 Usr=0.1    Sys=0.1    Mem=462.0 
Done

Handle Bulk Layer:  Thu Apr 21 06:36:35 2022
WARNING: DANGLING_NET '126' is removed from netlist. (SX-0726)
WARNING: DANGLING_NET '127' is removed from netlist. (SX-0726)
WARNING: DANGLING_NET '128' is removed from netlist. (SX-0726)
WARNING: DANGLING_NET '129' is removed from netlist. (SX-0726)
WARNING: DANGLING_NET '130' is removed from netlist. (SX-0726)
WARNING: DANGLING_NET '131' is removed from netlist. (SX-0726)
WARNING: DANGLING_NET '132' is removed from netlist. (SX-0726)
WARNING: DANGLING_NET '133' is removed from netlist. (SX-0726)
WARNING: DANGLING_NET '134' is removed from netlist. (SX-0726)
WARNING: DANGLING_NET '135' is removed from netlist. (SX-0726)
WARNING: DANGLING_NET '136' is removed from netlist. (SX-0726)
WARNING: DANGLING_NET '137' is removed from netlist. (SX-0726)
WARNING: DANGLING_NET '138' is removed from netlist. (SX-0726)
WARNING: DANGLING_NET '158' is removed from netlist. (SX-0726)
WARNING: DANGLING_NET '159' is removed from netlist. (SX-0726)
WARNING: DANGLING_NET '160' is removed from netlist. (SX-0726)
WARNING: DANGLING_NET '161' is removed from netlist. (SX-0726)
WARNING: DANGLING_NET '162' is removed from netlist. (SX-0726)
WARNING: DANGLING_NET '163' is removed from netlist. (SX-0726)
WARNING: DANGLING_NET '164' is removed from netlist. (SX-0726)
WARNING: DANGLING_NET '165' is removed from netlist. (SX-0726)
WARNING: DANGLING_NET '166' is removed from netlist. (SX-0726)
WARNING: DANGLING_NET '167' is removed from netlist. (SX-0726)
WARNING: DANGLING_NET '168' is removed from netlist. (SX-0726)
WARNING: DANGLING_NET '169' is removed from netlist. (SX-0726)
WARNING: DANGLING_NET 'X5CBBD88253/X5CBBD882342/X5CBBD882407_1/_GENERATED_7' is removed from
         netlist. (SX-0726)
WARNING: DANGLING_NET 'X5CBBD88253/X5CBBD882342/X5CBBD882407_2/_GENERATED_7' is removed from
         netlist. (SX-0726)
WARNING: DANGLING_NET 'X5CBBD88253/X5CBBD882342/X5CBBD882409_1/_GENERATED_7' is removed from
         netlist. (SX-0726)
WARNING: DANGLING_NET 'X5CBBD88253/X5CBBD882342/X5CBBD882409_2/_GENERATED_7' is removed from
         netlist. (SX-0726)
WARNING: DANGLING_NET 'X5CBBD88253/X5CBBD882343/X5CBBD882407_1/_GENERATED_7' is removed from
         netlist. (SX-0726)
WARNING: DANGLING_NET 'X5CBBD88253/X5CBBD882343/X5CBBD882407_2/_GENERATED_7' is removed from
         netlist. (SX-0726)
WARNING: DANGLING_NET 'X5CBBD88253/X5CBBD882343/X5CBBD882409_1/_GENERATED_7' is removed from
         netlist. (SX-0726)
WARNING: DANGLING_NET 'X5CBBD88253/X5CBBD882343/X5CBBD882409_2/_GENERATED_7' is removed from
         netlist. (SX-0726)
WARNING: DANGLING_NET 'X5CBBD88253/X5CBBD882344/X5CBBD882407_1/_GENERATED_7' is removed from
         netlist. (SX-0726)
WARNING: DANGLING_NET 'X5CBBD88253/X5CBBD882344/X5CBBD882407_2/_GENERATED_7' is removed from
         netlist. (SX-0726)
WARNING: DANGLING_NET 'X5CBBD88253/X5CBBD882344/X5CBBD882409_1/_GENERATED_7' is removed from
         netlist. (SX-0726)
WARNING: DANGLING_NET 'X5CBBD88253/X5CBBD882344/X5CBBD882409_2/_GENERATED_7' is removed from
         netlist. (SX-0726)
WARNING: DANGLING_NET 'X5CBBD88253/X5CBBD882345/X5CBBD882407_1/_GENERATED_7' is removed from
         netlist. (SX-0726)
WARNING: DANGLING_NET 'X5CBBD88253/X5CBBD882345/X5CBBD882407_2/_GENERATED_7' is removed from
         netlist. (SX-0726)
WARNING: DANGLING_NET 'X5CBBD88253/X5CBBD882345/X5CBBD882409_1/_GENERATED_7' is removed from
         netlist. (SX-0726)
WARNING: DANGLING_NET 'X5CBBD88253/X5CBBD882345/X5CBBD882409_2/_GENERATED_7' is removed from
         netlist. (SX-0726)
WARNING: DANGLING_NET 'X5CBBD88255/X5CBBD882179/X5CBBD882459/X5CBBD882416/_GENERATED_11' is removed
         from netlist. (SX-0726)
WARNING: DANGLING_NET 'X5CBBD88255/X5CBBD882179/X5CBBD882459/X5CBBD882416/_GENERATED_12' is removed
         from netlist. (SX-0726)
WARNING: DANGLING_NET 'X5CBBD88255/X5CBBD882179/X5CBBD882459/X5CBBD882417/_GENERATED_11' is removed
         from netlist. (SX-0726)
WARNING: DANGLING_NET 'X5CBBD88255/X5CBBD882179/X5CBBD882459/X5CBBD882417/_GENERATED_12' is removed
         from netlist. (SX-0726)
WARNING: DANGLING_NET 'X5CBBD88255/X5CBBD882179/X5CBBD882459/X5CBBD882418/_GENERATED_11' is removed
         from netlist. (SX-0726)
WARNING: DANGLING_NET 'X5CBBD88255/X5CBBD882179/X5CBBD882459/X5CBBD882418/_GENERATED_12' is removed
         from netlist. (SX-0726)
WARNING: DANGLING_NET 'X5CBBD88255/X5CBBD882179/X5CBBD882459/X5CBBD882419/_GENERATED_11' is removed
         from netlist. (SX-0726)
WARNING: DANGLING_NET 'X5CBBD88255/X5CBBD882179/X5CBBD882459/X5CBBD882419/_GENERATED_12' is removed
         from netlist. (SX-0726)
WARNING: DANGLING_NET 'X5CBBD88255/X5CBBD882179/X5CBBD882459/X5CBBD882423/_GENERATED_11' is removed
         from netlist. (SX-0726)
WARNING: DANGLING_NET 'X5CBBD88255/X5CBBD882179/X5CBBD882459/X5CBBD882423/_GENERATED_12' is removed
         from netlist. (SX-0726)
WARNING: DANGLING_NET 'X5CBBD88255/X5CBBD882179/X5CBBD882459/X5CBBD882424/_GENERATED_11' is removed
         from netlist. (SX-0726)
WARNING: DANGLING_NET 'X5CBBD88255/X5CBBD882179/X5CBBD882459/X5CBBD882424/_GENERATED_12' is removed
         from netlist. (SX-0726)
WARNING: DANGLING_NET 'X5CBBD88255/X5CBBD882179/X5CBBD882459/X5CBBD882425/_GENERATED_11' is removed
         from netlist. (SX-0726)
WARNING: DANGLING_NET 'X5CBBD88255/X5CBBD882179/X5CBBD882459/X5CBBD882425/_GENERATED_12' is removed
         from netlist. (SX-0726)
WARNING: DANGLING_NET 'X5CBBD88255/X5CBBD882179/X5CBBD882459/X5CBBD882426/_GENERATED_11' is removed
         from netlist. (SX-0726)
WARNING: DANGLING_NET 'X5CBBD88255/X5CBBD882179/X5CBBD882459/X5CBBD882426/_GENERATED_12' is removed
         from netlist. (SX-0726)
WARNING: DANGLING_NET 'X5CBBD88255/X5CBBD882179/X5CBBD882460/X5CBBD882416/_GENERATED_11' is removed
         from netlist. (SX-0726)
WARNING: DANGLING_NET 'X5CBBD88255/X5CBBD882179/X5CBBD882460/X5CBBD882416/_GENERATED_12' is removed
         from netlist. (SX-0726)
WARNING: DANGLING_NET 'X5CBBD88255/X5CBBD882179/X5CBBD882460/X5CBBD882417/_GENERATED_11' is removed
         from netlist. (SX-0726)
WARNING: DANGLING_NET 'X5CBBD88255/X5CBBD882179/X5CBBD882460/X5CBBD882417/_GENERATED_12' is removed
         from netlist. (SX-0726)
WARNING: DANGLING_NET 'X5CBBD88255/X5CBBD882179/X5CBBD882460/X5CBBD882418/_GENERATED_11' is removed
         from netlist. (SX-0726)
WARNING: DANGLING_NET 'X5CBBD88255/X5CBBD882179/X5CBBD882460/X5CBBD882418/_GENERATED_12' is removed
         from netlist. (SX-0726)
WARNING: DANGLING_NET 'X5CBBD88255/X5CBBD882179/X5CBBD882460/X5CBBD882419/_GENERATED_11' is removed
         from netlist. (SX-0726)
WARNING: DANGLING_NET 'X5CBBD88255/X5CBBD882179/X5CBBD882460/X5CBBD882419/_GENERATED_12' is removed
         from netlist. (SX-0726)
WARNING: DANGLING_NET 'X5CBBD88255/X5CBBD882179/X5CBBD882460/X5CBBD882423/_GENERATED_11' is removed
         from netlist. (SX-0726)
WARNING: DANGLING_NET 'X5CBBD88255/X5CBBD882179/X5CBBD882460/X5CBBD882423/_GENERATED_12' is removed
         from netlist. (SX-0726)
WARNING: DANGLING_NET 'X5CBBD88255/X5CBBD882179/X5CBBD882460/X5CBBD882424/_GENERATED_11' is removed
         from netlist. (SX-0726)
WARNING: DANGLING_NET 'X5CBBD88255/X5CBBD882179/X5CBBD882460/X5CBBD882424/_GENERATED_12' is removed
         from netlist. (SX-0726)
WARNING: DANGLING_NET 'X5CBBD88255/X5CBBD882179/X5CBBD882460/X5CBBD882425/_GENERATED_11' is removed
         from netlist. (SX-0726)
WARNING: DANGLING_NET 'X5CBBD88255/X5CBBD882179/X5CBBD882460/X5CBBD882425/_GENERATED_12' is removed
         from netlist. (SX-0726)
WARNING: DANGLING_NET 'X5CBBD88255/X5CBBD882179/X5CBBD882460/X5CBBD882426/_GENERATED_11' is removed
         from netlist. (SX-0726)
WARNING: DANGLING_NET 'X5CBBD88255/X5CBBD882179/X5CBBD882460/X5CBBD882426/_GENERATED_12' is removed
         from netlist. (SX-0726)
WARNING: DANGLING_NET 'X5CBBD88255/X5CBBD882180/X5CBBD882459/X5CBBD882416/_GENERATED_11' is removed
         from netlist. (SX-0726)
WARNING: DANGLING_NET 'X5CBBD88255/X5CBBD882180/X5CBBD882459/X5CBBD882416/_GENERATED_12' is removed
         from netlist. (SX-0726)
WARNING: DANGLING_NET 'X5CBBD88255/X5CBBD882180/X5CBBD882459/X5CBBD882417/_GENERATED_11' is removed
         from netlist. (SX-0726)
WARNING: DANGLING_NET 'X5CBBD88255/X5CBBD882180/X5CBBD882459/X5CBBD882417/_GENERATED_12' is removed
         from netlist. (SX-0726)
WARNING: DANGLING_NET 'X5CBBD88255/X5CBBD882180/X5CBBD882459/X5CBBD882418/_GENERATED_11' is removed
         from netlist. (SX-0726)
WARNING: DANGLING_NET 'X5CBBD88255/X5CBBD882180/X5CBBD882459/X5CBBD882418/_GENERATED_12' is removed
         from netlist. (SX-0726)
WARNING: DANGLING_NET 'X5CBBD88255/X5CBBD882180/X5CBBD882459/X5CBBD882419/_GENERATED_11' is removed
         from netlist. (SX-0726)
WARNING: DANGLING_NET 'X5CBBD88255/X5CBBD882180/X5CBBD882459/X5CBBD882419/_GENERATED_12' is removed
         from netlist. (SX-0726)
WARNING: DANGLING_NET 'X5CBBD88255/X5CBBD882180/X5CBBD882459/X5CBBD882423/_GENERATED_11' is removed
         from netlist. (SX-0726)
WARNING: DANGLING_NET 'X5CBBD88255/X5CBBD882180/X5CBBD882459/X5CBBD882423/_GENERATED_12' is removed
         from netlist. (SX-0726)
WARNING: DANGLING_NET 'X5CBBD88255/X5CBBD882180/X5CBBD882459/X5CBBD882424/_GENERATED_11' is removed
         from netlist. (SX-0726)
WARNING: DANGLING_NET 'X5CBBD88255/X5CBBD882180/X5CBBD882459/X5CBBD882424/_GENERATED_12' is removed
         from netlist. (SX-0726)
WARNING: DANGLING_NET 'X5CBBD88255/X5CBBD882180/X5CBBD882459/X5CBBD882425/_GENERATED_11' is removed
         from netlist. (SX-0726)
WARNING: DANGLING_NET 'X5CBBD88255/X5CBBD882180/X5CBBD882459/X5CBBD882425/_GENERATED_12' is removed
         from netlist. (SX-0726)
WARNING: DANGLING_NET 'X5CBBD88255/X5CBBD882180/X5CBBD882459/X5CBBD882426/_GENERATED_11' is removed
         from netlist. (SX-0726)
WARNING: DANGLING_NET 'X5CBBD88255/X5CBBD882180/X5CBBD882459/X5CBBD882426/_GENERATED_12' is removed
         from netlist. (SX-0726)
WARNING: DANGLING_NET 'X5CBBD88255/X5CBBD882180/X5CBBD882460/X5CBBD882416/_GENERATED_11' is removed
         from netlist. (SX-0726)
WARNING: DANGLING_NET 'X5CBBD88255/X5CBBD882180/X5CBBD882460/X5CBBD882416/_GENERATED_12' is removed
         from netlist. (SX-0726)
WARNING: DANGLING_NET 'X5CBBD88255/X5CBBD882180/X5CBBD882460/X5CBBD882417/_GENERATED_11' is removed
         from netlist. (SX-0726)
WARNING: DANGLING_NET 'X5CBBD88255/X5CBBD882180/X5CBBD882460/X5CBBD882417/_GENERATED_12' is removed
         from netlist. (SX-0726)
WARNING: DANGLING_NET 'X5CBBD88255/X5CBBD882180/X5CBBD882460/X5CBBD882418/_GENERATED_11' is removed
         from netlist. (SX-0726)
WARNING: DANGLING_NET 'X5CBBD88255/X5CBBD882180/X5CBBD882460/X5CBBD882418/_GENERATED_12' is removed
         from netlist. (SX-0726)
WARNING: DANGLING_NET 'X5CBBD88255/X5CBBD882180/X5CBBD882460/X5CBBD882419/_GENERATED_11' is removed
         from netlist. (SX-0726)
WARNING: DANGLING_NET 'X5CBBD88255/X5CBBD882180/X5CBBD882460/X5CBBD882419/_GENERATED_12' is removed
         from netlist. (SX-0726)
WARNING: DANGLING_NET 'X5CBBD88255/X5CBBD882180/X5CBBD882460/X5CBBD882423/_GENERATED_11' is removed
         from netlist. (SX-0726)
WARNING: DANGLING_NET 'X5CBBD88255/X5CBBD882180/X5CBBD882460/X5CBBD882423/_GENERATED_12' is removed
         from netlist. (SX-0726)
WARNING: DANGLING_NET 'X5CBBD88255/X5CBBD882180/X5CBBD882460/X5CBBD882424/_GENERATED_11' is removed
         from netlist. (SX-0726)
Suppression: Message (SX-0726) suppressed beyond 100 times
WARNING: Removed 425 FLOATING_NETS from the netlist (see cells.sum/translate.sum). (SX-0727)
  Warnings: 101    Errors: 0    (See file summary/bulk_layer.sum)
  BulkLayerHandling Elp=00:00:00 Cpu=00:00:00 Usr=0.0    Sys=0.0    Mem=0.0   
Done

Netlist Setup:  Thu Apr 21 06:36:35 2022
  Warnings: 0    Errors: 0
  NetlistSetup  Elp=00:00:00 Cpu=00:00:00 Usr=0.0    Sys=0.0    Mem=400.5 
Done

GPD XtractSetup:  Thu Apr 21 06:36:37 2022
  Warnings: 0    Errors: 0
  GPD_XtractSetup Elp=00:00:00 Cpu=00:00:00 Usr=0.0    Sys=0.0    Mem=460.1 
Done

GPD Instance Setup:  Thu Apr 21 06:36:39 2022
  Warnings: 0    Errors: 0
  GPD_Instance_Setup Elp=00:00:00 Cpu=00:00:00 Usr=0.0    Sys=0.0    Mem=400.9 
Done

GPD NameMap:  Thu Apr 21 06:36:41 2022
  Warnings: 0    Errors: 0
  GPD_NameMap   Elp=00:00:00 Cpu=00:00:00 Usr=0.1    Sys=0.1    Mem=401.7 
Done

xTract DB:  Thu Apr 21 06:36:44 2022
Completed   0%  Time=00:00:00  RemainingTime=00:00:18  Mem=628.719
Completed   1%  Time=00:00:00  RemainingTime=00:00:19  Mem=628.719
Completed   2%  Time=00:00:00  RemainingTime=00:00:19  Mem=628.719
Completed   3%  Time=00:00:00  RemainingTime=00:00:16  Mem=628.719
Completed   4%  Time=00:00:00  RemainingTime=00:00:14  Mem=628.719
Completed   5%  Time=00:00:00  RemainingTime=00:00:14  Mem=628.719
Completed  10%  Time=00:00:00  RemainingTime=00:00:09  Mem=628.719
Completed  15%  Time=00:00:01  RemainingTime=00:00:06  Mem=628.719
Completed  20%  Time=00:00:01  RemainingTime=00:00:04  Mem=628.719
Completed  25%  Time=00:00:01  RemainingTime=00:00:03  Mem=628.719
Completed  29%  Time=00:00:01  RemainingTime=00:00:03  Mem=628.719
Completed  34%  Time=00:00:01  RemainingTime=00:00:02  Mem=628.719
Completed  39%  Time=00:00:01  RemainingTime=00:00:02  Mem=628.719
Completed  44%  Time=00:00:01  RemainingTime=00:00:02  Mem=628.719
Completed  49%  Time=00:00:01  RemainingTime=00:00:01  Mem=628.719
Completed  55%  Time=00:00:01  RemainingTime=00:00:01  Mem=628.719
Completed  60%  Time=00:00:01  RemainingTime=00:00:01  Mem=628.719
Completed  65%  Time=00:00:01  RemainingTime=00:00:01  Mem=628.719
Completed  71%  Time=00:00:01  RemainingTime=00:00:01  Mem=628.719
Completed  76%  Time=00:00:01  RemainingTime=00:00:01  Mem=628.719
Completed  81%  Time=00:00:01  RemainingTime=00:00:01  Mem=628.719
Completed  86%  Time=00:00:02  RemainingTime=00:00:00  Mem=628.719
Completed  92%  Time=00:00:02  RemainingTime=00:00:00  Mem=628.719
Completed 100%  Time=00:00:02  RemainingTime=00:00:00  Mem=628.719
Extracted 55572 capacitors, 0 resistors, 14917 nodes
Reduced to 0 nodes,  (100%)
Reduced to 13431 capacitors: 13431 Cc and 0 Cg (75.8314%)
  Warnings: 0    Errors: 0
  xTract        Elp=00:00:04 Cpu=00:00:03 Usr=3.5    Sys=0.4    Mem=629.2 
Done

GPD Instance:  Thu Apr 21 06:36:50 2022
  Warnings: 0    Errors: 0
  GPD_Instance  Elp=00:00:00 Cpu=00:00:00 Usr=0.1    Sys=0.0    Mem=400.9 
Done

xTract Post Process DB:  Thu Apr 21 06:36:54 2022
  Warnings: 0    Errors: 0
  xTractPP      Elp=00:00:00 Cpu=00:00:00 Usr=0.0    Sys=0.0    Mem=264.5 
Done

Report Violations:  Thu Apr 21 06:36:57 2022
  Warnings: 0    Errors: 0
  ReportViolations Elp=00:00:00 Cpu=00:00:00 Usr=0.0    Sys=0.0    Mem=400.4 
Done

Report Opens:  Thu Apr 21 06:36:59 2022
  Warnings: 0    Errors: 0
  ReportOpens   Elp=00:00:00 Cpu=00:00:00 Usr=0.0    Sys=0.0    Mem=400.4 
Done

GPD Post Process:  Thu Apr 21 06:37:01 2022
  Warnings: 0    Errors: 0
  GPD_PostProcess Elp=00:00:00 Cpu=00:00:00 Usr=0.0    Sys=0.0    Mem=400.8 
Done

GPD Converter Part 1:  Thu Apr 21 06:37:03 2022
  Warnings: 0    Errors: 0
  GPD_Converter1 Elp=00:00:01 Cpu=00:00:00 Usr=0.3    Sys=0.1    Mem=388.2 
Done

GPD Converter Part 2:  Thu Apr 21 06:37:06 2022
  Warnings: 0    Errors: 0
  GPD_Converter2 Elp=00:00:00 Cpu=00:00:00 Usr=0.0    Sys=0.0    Mem=264.3 
Done

GPD Converter Instance :  Thu Apr 21 06:37:08 2022
  Warnings: 0    Errors: 0
  GPD_Converter_Instance Elp=00:00:00 Cpu=00:00:00 Usr=0.0    Sys=0.0    Mem=264.3 
Done

GPD Converter Merge:  Thu Apr 21 06:37:11 2022
  Warnings: 0    Errors: 0
  GPD_Converter_merge Elp=00:00:00 Cpu=00:00:00 Usr=0.0    Sys=0.0    Mem=264.3 
Done
  
Setup                  Elp=00:00:03 Cpu=00:00:02 Usr=2.0    Sys=0.0    Mem=460.1 
Layers                 Elp=00:00:01 Cpu=00:00:00 Usr=0.0    Sys=0.0    Mem=460.1 
Models                 Elp=00:00:00 Cpu=00:00:00 Usr=0.0    Sys=0.0    Mem=460.1 
HN                     Elp=00:00:00 Cpu=00:00:00 Usr=0.0    Sys=0.0    Mem=460.1 
XrefHN                 Elp=00:00:00 Cpu=00:00:00 Usr=0.0    Sys=0.0    Mem=412.7 
Cells                  Elp=00:00:00 Cpu=00:00:00 Usr=0.0    Sys=0.1    Mem=460.6 
Translate              Elp=00:00:01 Cpu=00:00:00 Usr=0.1    Sys=0.1    Mem=462.0 
BulkLayerHandling      Elp=00:00:00 Cpu=00:00:00 Usr=0.0    Sys=0.0    Mem=0.0   
NetlistSetup           Elp=00:00:00 Cpu=00:00:00 Usr=0.0    Sys=0.0    Mem=400.5 
GPD_XtractSetup        Elp=00:00:00 Cpu=00:00:00 Usr=0.0    Sys=0.0    Mem=460.1 
GPD_Instance_Setup     Elp=00:00:00 Cpu=00:00:00 Usr=0.0    Sys=0.0    Mem=400.9 
GPD_NameMap            Elp=00:00:00 Cpu=00:00:00 Usr=0.1    Sys=0.1    Mem=401.7 
xTract                 Elp=00:00:04 Cpu=00:00:03 Usr=3.5    Sys=0.4    Mem=629.2 
GPD_Instance           Elp=00:00:00 Cpu=00:00:00 Usr=0.1    Sys=0.0    Mem=400.9 
xTractPP               Elp=00:00:00 Cpu=00:00:00 Usr=0.0    Sys=0.0    Mem=264.5 
ReportViolations       Elp=00:00:00 Cpu=00:00:00 Usr=0.0    Sys=0.0    Mem=400.4 
ReportOpens            Elp=00:00:00 Cpu=00:00:00 Usr=0.0    Sys=0.0    Mem=400.4 
GPD_PostProcess        Elp=00:00:00 Cpu=00:00:00 Usr=0.0    Sys=0.0    Mem=400.8 
GPD_Converter1         Elp=00:00:01 Cpu=00:00:00 Usr=0.3    Sys=0.1    Mem=388.2 
GPD_Converter2         Elp=00:00:00 Cpu=00:00:00 Usr=0.0    Sys=0.0    Mem=264.3 
GPD_Converter_Instance Elp=00:00:00 Cpu=00:00:00 Usr=0.0    Sys=0.0    Mem=264.3 
GPD_Converter_merge    Elp=00:00:00 Cpu=00:00:00 Usr=0.0    Sys=0.0    Mem=264.3 
  
Done          Elp=00:00:10 Cpu=00:00:06 Usr=6.1    Sys=0.8    Mem=629.2 
